{"/home/yw/Desktop/Multiverse/src/components/ErrorBoundary.tsx": {"path":"/home/yw/Desktop/Multiverse/src/components/ErrorBoundary.tsx","statementMap":{"0":{"start":{"line":73,"column":16},"end":{"line":79,"column":null}},"1":{"start":{"line":18,"column":4},"end":{"line":18,"column":null}},"2":{"start":{"line":19,"column":4},"end":{"line":23,"column":null}},"3":{"start":{"line":28,"column":4},"end":{"line":31,"column":null}},"4":{"start":{"line":36,"column":4},"end":{"line":36,"column":null}},"5":{"start":{"line":39,"column":4},"end":{"line":42,"column":null}},"6":{"start":{"line":45,"column":4},"end":{"line":47,"column":null}},"7":{"start":{"line":46,"column":6},"end":{"line":46,"column":null}},"8":{"start":{"line":50,"column":4},"end":{"line":70,"column":null}},"9":{"start":{"line":51,"column":23},"end":{"line":59,"column":null}},"10":{"start":{"line":62,"column":27},"end":{"line":62,"column":null}},"11":{"start":{"line":63,"column":19},"end":{"line":63,"column":null}},"12":{"start":{"line":64,"column":6},"end":{"line":64,"column":null}},"13":{"start":{"line":65,"column":6},"end":{"line":65,"column":null}},"14":{"start":{"line":66,"column":6},"end":{"line":66,"column":null}},"15":{"start":{"line":69,"column":6},"end":{"line":69,"column":null}},"16":{"start":{"line":74,"column":4},"end":{"line":78,"column":null}},"17":{"start":{"line":82,"column":4},"end":{"line":230,"column":null}},"18":{"start":{"line":84,"column":6},"end":{"line":86,"column":null}},"19":{"start":{"line":85,"column":8},"end":{"line":85,"column":null}},"20":{"start":{"line":89,"column":6},"end":{"line":228,"column":null}},"21":{"start":{"line":196,"column":18},"end":{"line":196,"column":null}},"22":{"start":{"line":199,"column":18},"end":{"line":199,"column":null}},"23":{"start":{"line":205,"column":31},"end":{"line":205,"column":null}},"24":{"start":{"line":218,"column":18},"end":{"line":218,"column":null}},"25":{"start":{"line":221,"column":18},"end":{"line":221,"column":null}},"26":{"start":{"line":232,"column":4},"end":{"line":232,"column":null}}},"fnMap":{"0":{"name":"(anonymous_0)","decl":{"start":{"line":17,"column":2},"end":{"line":17,"column":14}},"loc":{"start":{"line":17,"column":41},"end":{"line":24,"column":null}},"line":17},"1":{"name":"(anonymous_1)","decl":{"start":{"line":26,"column":9},"end":{"line":26,"column":34}},"loc":{"start":{"line":26,"column":77},"end":{"line":32,"column":null}},"line":26},"2":{"name":"(anonymous_2)","decl":{"start":{"line":34,"column":2},"end":{"line":34,"column":20}},"loc":{"start":{"line":34,"column":56},"end":{"line":71,"column":null}},"line":34},"3":{"name":"(anonymous_3)","decl":{"start":{"line":73,"column":16},"end":{"line":73,"column":22}},"loc":{"start":{"line":73,"column":22},"end":{"line":79,"column":null}},"line":73},"4":{"name":"(anonymous_4)","decl":{"start":{"line":81,"column":2},"end":{"line":81,"column":11}},"loc":{"start":{"line":81,"column":11},"end":{"line":233,"column":null}},"line":81},"5":{"name":"(anonymous_5)","decl":{"start":{"line":195,"column":29},"end":{"line":195,"column":30}},"loc":{"start":{"line":195,"column":36},"end":{"line":197,"column":null}},"line":195},"6":{"name":"(anonymous_6)","decl":{"start":{"line":198,"column":28},"end":{"line":198,"column":29}},"loc":{"start":{"line":198,"column":35},"end":{"line":200,"column":null}},"line":198},"7":{"name":"(anonymous_7)","decl":{"start":{"line":205,"column":25},"end":{"line":205,"column":31}},"loc":{"start":{"line":205,"column":31},"end":{"line":205,"column":null}},"line":205},"8":{"name":"(anonymous_8)","decl":{"start":{"line":217,"column":29},"end":{"line":217,"column":30}},"loc":{"start":{"line":217,"column":36},"end":{"line":219,"column":null}},"line":217},"9":{"name":"(anonymous_9)","decl":{"start":{"line":220,"column":28},"end":{"line":220,"column":29}},"loc":{"start":{"line":220,"column":35},"end":{"line":222,"column":null}},"line":220}},"branchMap":{"0":{"loc":{"start":{"line":45,"column":4},"end":{"line":47,"column":null}},"type":"if","locations":[{"start":{"line":45,"column":4},"end":{"line":47,"column":null}},{"start":{},"end":{}}],"line":45},"1":{"loc":{"start":{"line":63,"column":19},"end":{"line":63,"column":null}},"type":"cond-expr","locations":[{"start":{"line":63,"column":34},"end":{"line":63,"column":61}},{"start":{"line":63,"column":61},"end":{"line":63,"column":null}}],"line":63},"2":{"loc":{"start":{"line":82,"column":4},"end":{"line":230,"column":null}},"type":"if","locations":[{"start":{"line":82,"column":4},"end":{"line":230,"column":null}},{"start":{},"end":{}}],"line":82},"3":{"loc":{"start":{"line":84,"column":6},"end":{"line":86,"column":null}},"type":"if","locations":[{"start":{"line":84,"column":6},"end":{"line":86,"column":null}},{"start":{},"end":{}}],"line":84},"4":{"loc":{"start":{"line":131,"column":13},"end":{"line":173,"column":null}},"type":"binary-expr","locations":[{"start":{"line":131,"column":13},"end":{"line":131,"column":null}},{"start":{"line":132,"column":14},"end":{"line":173,"column":null}}],"line":131},"5":{"loc":{"start":{"line":158,"column":19},"end":{"line":170,"column":null}},"type":"binary-expr","locations":[{"start":{"line":158,"column":19},"end":{"line":158,"column":null}},{"start":{"line":159,"column":20},"end":{"line":170,"column":null}}],"line":158}},"s":{"0":1,"1":12,"2":12,"3":10,"4":5,"5":5,"6":5,"7":1,"8":5,"9":5,"10":5,"11":5,"12":5,"13":5,"14":5,"15":0,"16":1,"17":27,"18":15,"19":3,"20":12,"21":0,"22":0,"23":0,"24":0,"25":0,"26":12},"f":{"0":12,"1":11,"2":5,"3":1,"4":27,"5":0,"6":0,"7":0,"8":0,"9":0},"b":{"0":[1,4],"1":[0,5],"2":[15,12],"3":[3,12],"4":[12,12],"5":[12,4]},"meta":{"lastBranch":6,"lastFunction":10,"lastStatement":27,"seen":{"s:73:16:79:Infinity":0,"f:17:2:17:14":0,"s:18:4:18:Infinity":1,"s:19:4:23:Infinity":2,"f:26:9:26:34":1,"s:28:4:31:Infinity":3,"f:34:2:34:20":2,"s:36:4:36:Infinity":4,"s:39:4:42:Infinity":5,"b:45:4:47:Infinity:undefined:undefined:undefined:undefined":0,"s:45:4:47:Infinity":6,"s:46:6:46:Infinity":7,"s:50:4:70:Infinity":8,"s:51:23:59:Infinity":9,"s:62:27:62:Infinity":10,"s:63:19:63:Infinity":11,"b:63:34:63:61:63:61:63:Infinity":1,"s:64:6:64:Infinity":12,"s:65:6:65:Infinity":13,"s:66:6:66:Infinity":14,"s:69:6:69:Infinity":15,"f:73:16:73:22":3,"s:74:4:78:Infinity":16,"f:81:2:81:11":4,"b:82:4:230:Infinity:undefined:undefined:undefined:undefined":2,"s:82:4:230:Infinity":17,"b:84:6:86:Infinity:undefined:undefined:undefined:undefined":3,"s:84:6:86:Infinity":18,"s:85:8:85:Infinity":19,"s:89:6:228:Infinity":20,"b:131:13:131:Infinity:132:14:173:Infinity":4,"b:158:19:158:Infinity:159:20:170:Infinity":5,"f:195:29:195:30":5,"s:196:18:196:Infinity":21,"f:198:28:198:29":6,"s:199:18:199:Infinity":22,"f:205:25:205:31":7,"s:205:31:205:Infinity":23,"f:217:29:217:30":8,"s:218:18:218:Infinity":24,"f:220:28:220:29":9,"s:221:18:221:Infinity":25,"s:232:4:232:Infinity":26}}}
,"/home/yw/Desktop/Multiverse/src/components/Toast.tsx": {"path":"/home/yw/Desktop/Multiverse/src/components/Toast.tsx","statementMap":{"0":{"start":{"line":9,"column":43},"end":{"line":74,"column":null}},"1":{"start":{"line":10,"column":8},"end":{"line":10,"column":null}},"2":{"start":{"line":13,"column":2},"end":{"line":15,"column":null}},"3":{"start":{"line":14,"column":4},"end":{"line":14,"column":null}},"4":{"start":{"line":17,"column":2},"end":{"line":22,"column":null}},"5":{"start":{"line":18,"column":18},"end":{"line":20,"column":null}},"6":{"start":{"line":19,"column":6},"end":{"line":19,"column":null}},"7":{"start":{"line":21,"column":4},"end":{"line":21,"column":null}},"8":{"start":{"line":21,"column":17},"end":{"line":21,"column":null}},"9":{"start":{"line":24,"column":17},"end":{"line":28,"column":null}},"10":{"start":{"line":30,"column":16},"end":{"line":34,"column":null}},"11":{"start":{"line":36,"column":2},"end":{"line":72,"column":null}}},"fnMap":{"0":{"name":"(anonymous_0)","decl":{"start":{"line":9,"column":43},"end":{"line":9,"column":44}},"loc":{"start":{"line":9,"column":75},"end":{"line":74,"column":null}},"line":9},"1":{"name":"(anonymous_1)","decl":{"start":{"line":13,"column":12},"end":{"line":13,"column":18}},"loc":{"start":{"line":13,"column":18},"end":{"line":15,"column":5}},"line":13},"2":{"name":"(anonymous_2)","decl":{"start":{"line":17,"column":12},"end":{"line":17,"column":18}},"loc":{"start":{"line":17,"column":18},"end":{"line":22,"column":5}},"line":17},"3":{"name":"(anonymous_3)","decl":{"start":{"line":18,"column":29},"end":{"line":18,"column":35}},"loc":{"start":{"line":18,"column":35},"end":{"line":20,"column":7}},"line":18},"4":{"name":"(anonymous_4)","decl":{"start":{"line":21,"column":11},"end":{"line":21,"column":17}},"loc":{"start":{"line":21,"column":17},"end":{"line":21,"column":null}},"line":21}},"branchMap":{},"s":{"0":1,"1":7,"2":7,"3":7,"4":7,"5":7,"6":1,"7":7,"8":7,"9":7,"10":7,"11":7},"f":{"0":7,"1":7,"2":7,"3":1,"4":7},"b":{},"meta":{"lastBranch":0,"lastFunction":5,"lastStatement":12,"seen":{"s:9:43:74:Infinity":0,"f:9:43:9:44":0,"s:10:8:10:Infinity":1,"s:13:2:15:Infinity":2,"f:13:12:13:18":1,"s:14:4:14:Infinity":3,"s:17:2:22:Infinity":4,"f:17:12:17:18":2,"s:18:18:20:Infinity":5,"f:18:29:18:35":3,"s:19:6:19:Infinity":6,"s:21:4:21:Infinity":7,"f:21:11:21:17":4,"s:21:17:21:Infinity":8,"s:24:17:28:Infinity":9,"s:30:16:34:Infinity":10,"s:36:2:72:Infinity":11}}}
,"/home/yw/Desktop/Multiverse/src/hooks/useSettings.ts": {"path":"/home/yw/Desktop/Multiverse/src/hooks/useSettings.ts","statementMap":{"0":{"start":{"line":12,"column":34},"end":{"line":19,"column":null}},"1":{"start":{"line":21,"column":27},"end":{"line":62,"column":null}},"2":{"start":{"line":22,"column":23},"end":{"line":40,"column":null}},"3":{"start":{"line":23,"column":4},"end":{"line":38,"column":null}},"4":{"start":{"line":24,"column":20},"end":{"line":24,"column":null}},"5":{"start":{"line":25,"column":6},"end":{"line":35,"column":null}},"6":{"start":{"line":26,"column":25},"end":{"line":26,"column":null}},"7":{"start":{"line":27,"column":8},"end":{"line":34,"column":null}},"8":{"start":{"line":37,"column":6},"end":{"line":37,"column":null}},"9":{"start":{"line":39,"column":4},"end":{"line":39,"column":null}},"10":{"start":{"line":42,"column":30},"end":{"line":42,"column":null}},"11":{"start":{"line":45,"column":2},"end":{"line":51,"column":null}},"12":{"start":{"line":46,"column":4},"end":{"line":50,"column":null}},"13":{"start":{"line":47,"column":6},"end":{"line":47,"column":null}},"14":{"start":{"line":49,"column":6},"end":{"line":49,"column":null}},"15":{"start":{"line":53,"column":25},"end":{"line":55,"column":null}},"16":{"start":{"line":54,"column":4},"end":{"line":54,"column":null}},"17":{"start":{"line":54,"column":25},"end":{"line":54,"column":49}},"18":{"start":{"line":57,"column":2},"end":{"line":61,"column":null}}},"fnMap":{"0":{"name":"(anonymous_0)","decl":{"start":{"line":21,"column":27},"end":{"line":21,"column":33}},"loc":{"start":{"line":21,"column":33},"end":{"line":62,"column":null}},"line":21},"1":{"name":"(anonymous_1)","decl":{"start":{"line":22,"column":23},"end":{"line":22,"column":39}},"loc":{"start":{"line":22,"column":39},"end":{"line":40,"column":null}},"line":22},"2":{"name":"(anonymous_2)","decl":{"start":{"line":45,"column":12},"end":{"line":45,"column":18}},"loc":{"start":{"line":45,"column":18},"end":{"line":51,"column":5}},"line":45},"3":{"name":"(anonymous_3)","decl":{"start":{"line":53,"column":25},"end":{"line":53,"column":26}},"loc":{"start":{"line":53,"column":57},"end":{"line":55,"column":null}},"line":53},"4":{"name":"(anonymous_4)","decl":{"start":{"line":54,"column":16},"end":{"line":54,"column":25}},"loc":{"start":{"line":54,"column":25},"end":{"line":54,"column":49}},"line":54}},"branchMap":{"0":{"loc":{"start":{"line":25,"column":6},"end":{"line":35,"column":null}},"type":"if","locations":[{"start":{"line":25,"column":6},"end":{"line":35,"column":null}},{"start":{},"end":{}}],"line":25},"1":{"loc":{"start":{"line":28,"column":25},"end":{"line":28,"column":null}},"type":"binary-expr","locations":[{"start":{"line":28,"column":25},"end":{"line":28,"column":51}},{"start":{"line":28,"column":51},"end":{"line":28,"column":null}}],"line":28},"2":{"loc":{"start":{"line":29,"column":26},"end":{"line":29,"column":null}},"type":"binary-expr","locations":[{"start":{"line":29,"column":26},"end":{"line":29,"column":53}},{"start":{"line":29,"column":53},"end":{"line":29,"column":null}}],"line":29},"3":{"loc":{"start":{"line":30,"column":18},"end":{"line":30,"column":null}},"type":"binary-expr","locations":[{"start":{"line":30,"column":18},"end":{"line":30,"column":37}},{"start":{"line":30,"column":37},"end":{"line":30,"column":null}}],"line":30},"4":{"loc":{"start":{"line":31,"column":23},"end":{"line":31,"column":null}},"type":"binary-expr","locations":[{"start":{"line":31,"column":23},"end":{"line":31,"column":47}},{"start":{"line":31,"column":47},"end":{"line":31,"column":null}}],"line":31},"5":{"loc":{"start":{"line":32,"column":21},"end":{"line":32,"column":null}},"type":"binary-expr","locations":[{"start":{"line":32,"column":21},"end":{"line":32,"column":43}},{"start":{"line":32,"column":43},"end":{"line":32,"column":null}}],"line":32},"6":{"loc":{"start":{"line":33,"column":16},"end":{"line":33,"column":null}},"type":"binary-expr","locations":[{"start":{"line":33,"column":16},"end":{"line":33,"column":33}},{"start":{"line":33,"column":33},"end":{"line":33,"column":null}}],"line":33}},"s":{"0":1,"1":1,"2":9,"3":9,"4":9,"5":9,"6":4,"7":4,"8":1,"9":5,"10":9,"11":9,"12":9,"13":9,"14":0,"15":9,"16":3,"17":3,"18":9},"f":{"0":9,"1":9,"2":9,"3":3,"4":3},"b":{"0":[4,5],"1":[4,0],"2":[4,0],"3":[4,3],"4":[4,0],"5":[4,0],"6":[4,0]},"meta":{"lastBranch":7,"lastFunction":5,"lastStatement":19,"seen":{"s:12:34:19:Infinity":0,"s:21:27:62:Infinity":1,"f:21:27:21:33":0,"s:22:23:40:Infinity":2,"f:22:23:22:39":1,"s:23:4:38:Infinity":3,"s:24:20:24:Infinity":4,"b:25:6:35:Infinity:undefined:undefined:undefined:undefined":0,"s:25:6:35:Infinity":5,"s:26:25:26:Infinity":6,"s:27:8:34:Infinity":7,"b:28:25:28:51:28:51:28:Infinity":1,"b:29:26:29:53:29:53:29:Infinity":2,"b:30:18:30:37:30:37:30:Infinity":3,"b:31:23:31:47:31:47:31:Infinity":4,"b:32:21:32:43:32:43:32:Infinity":5,"b:33:16:33:33:33:33:33:Infinity":6,"s:37:6:37:Infinity":8,"s:39:4:39:Infinity":9,"s:42:30:42:Infinity":10,"s:45:2:51:Infinity":11,"f:45:12:45:18":2,"s:46:4:50:Infinity":12,"s:47:6:47:Infinity":13,"s:49:6:49:Infinity":14,"s:53:25:55:Infinity":15,"f:53:25:53:26":3,"s:54:4:54:Infinity":16,"f:54:16:54:25":4,"s:54:25:54:49":17,"s:57:2:61:Infinity":18}}}
,"/home/yw/Desktop/Multiverse/src/hooks/useTheme.ts": {"path":"/home/yw/Desktop/Multiverse/src/hooks/useTheme.ts","statementMap":{"0":{"start":{"line":3,"column":24},"end":{"line":40,"column":null}},"1":{"start":{"line":4,"column":20},"end":{"line":18,"column":null}},"2":{"start":{"line":5,"column":4},"end":{"line":16,"column":null}},"3":{"start":{"line":6,"column":20},"end":{"line":6,"column":null}},"4":{"start":{"line":7,"column":6},"end":{"line":9,"column":null}},"5":{"start":{"line":8,"column":8},"end":{"line":8,"column":null}},"6":{"start":{"line":11,"column":6},"end":{"line":13,"column":null}},"7":{"start":{"line":12,"column":8},"end":{"line":12,"column":null}},"8":{"start":{"line":15,"column":6},"end":{"line":15,"column":null}},"9":{"start":{"line":17,"column":4},"end":{"line":17,"column":null}},"10":{"start":{"line":20,"column":24},"end":{"line":20,"column":null}},"11":{"start":{"line":23,"column":2},"end":{"line":29,"column":null}},"12":{"start":{"line":24,"column":4},"end":{"line":28,"column":null}},"13":{"start":{"line":25,"column":6},"end":{"line":25,"column":null}},"14":{"start":{"line":27,"column":6},"end":{"line":27,"column":null}},"15":{"start":{"line":32,"column":2},"end":{"line":34,"column":null}},"16":{"start":{"line":33,"column":4},"end":{"line":33,"column":null}},"17":{"start":{"line":36,"column":2},"end":{"line":39,"column":null}}},"fnMap":{"0":{"name":"(anonymous_0)","decl":{"start":{"line":3,"column":24},"end":{"line":3,"column":30}},"loc":{"start":{"line":3,"column":30},"end":{"line":40,"column":null}},"line":3},"1":{"name":"(anonymous_1)","decl":{"start":{"line":4,"column":20},"end":{"line":4,"column":44}},"loc":{"start":{"line":4,"column":44},"end":{"line":18,"column":null}},"line":4},"2":{"name":"(anonymous_2)","decl":{"start":{"line":23,"column":12},"end":{"line":23,"column":18}},"loc":{"start":{"line":23,"column":18},"end":{"line":29,"column":5}},"line":23},"3":{"name":"(anonymous_3)","decl":{"start":{"line":32,"column":12},"end":{"line":32,"column":18}},"loc":{"start":{"line":32,"column":18},"end":{"line":34,"column":5}},"line":32}},"branchMap":{"0":{"loc":{"start":{"line":7,"column":6},"end":{"line":9,"column":null}},"type":"if","locations":[{"start":{"line":7,"column":6},"end":{"line":9,"column":null}},{"start":{},"end":{}}],"line":7},"1":{"loc":{"start":{"line":7,"column":10},"end":{"line":7,"column":49}},"type":"binary-expr","locations":[{"start":{"line":7,"column":10},"end":{"line":7,"column":31}},{"start":{"line":7,"column":31},"end":{"line":7,"column":49}}],"line":7},"2":{"loc":{"start":{"line":11,"column":6},"end":{"line":13,"column":null}},"type":"if","locations":[{"start":{"line":11,"column":6},"end":{"line":13,"column":null}},{"start":{},"end":{}}],"line":11},"3":{"loc":{"start":{"line":11,"column":10},"end":{"line":11,"column":91}},"type":"binary-expr","locations":[{"start":{"line":11,"column":10},"end":{"line":11,"column":31}},{"start":{"line":11,"column":31},"end":{"line":11,"column":91}}],"line":11}},"s":{"0":1,"1":10,"2":10,"3":10,"4":10,"5":5,"6":5,"7":1,"8":0,"9":4,"10":10,"11":10,"12":10,"13":10,"14":0,"15":10,"16":10,"17":10},"f":{"0":10,"1":10,"2":10,"3":10},"b":{"0":[5,5],"1":[10,8],"2":[1,4],"3":[5,5]},"meta":{"lastBranch":4,"lastFunction":4,"lastStatement":18,"seen":{"s:3:24:40:Infinity":0,"f:3:24:3:30":0,"s:4:20:18:Infinity":1,"f:4:20:4:44":1,"s:5:4:16:Infinity":2,"s:6:20:6:Infinity":3,"b:7:6:9:Infinity:undefined:undefined:undefined:undefined":0,"s:7:6:9:Infinity":4,"b:7:10:7:31:7:31:7:49":1,"s:8:8:8:Infinity":5,"b:11:6:13:Infinity:undefined:undefined:undefined:undefined":2,"s:11:6:13:Infinity":6,"b:11:10:11:31:11:31:11:91":3,"s:12:8:12:Infinity":7,"s:15:6:15:Infinity":8,"s:17:4:17:Infinity":9,"s:20:24:20:Infinity":10,"s:23:2:29:Infinity":11,"f:23:12:23:18":2,"s:24:4:28:Infinity":12,"s:25:6:25:Infinity":13,"s:27:6:27:Infinity":14,"s:32:2:34:Infinity":15,"f:32:12:32:18":3,"s:33:4:33:Infinity":16,"s:36:2:39:Infinity":17}}}
,"/home/yw/Desktop/Multiverse/src/hooks/useToast.ts": {"path":"/home/yw/Desktop/Multiverse/src/hooks/useToast.ts","statementMap":{"0":{"start":{"line":9,"column":24},"end":{"line":26,"column":null}},"1":{"start":{"line":10,"column":26},"end":{"line":10,"column":null}},"2":{"start":{"line":12,"column":20},"end":{"line":15,"column":null}},"3":{"start":{"line":13,"column":15},"end":{"line":13,"column":null}},"4":{"start":{"line":14,"column":4},"end":{"line":14,"column":null}},"5":{"start":{"line":14,"column":22},"end":{"line":14,"column":54}},"6":{"start":{"line":17,"column":22},"end":{"line":19,"column":null}},"7":{"start":{"line":18,"column":4},"end":{"line":18,"column":null}},"8":{"start":{"line":18,"column":22},"end":{"line":18,"column":51}},"9":{"start":{"line":18,"column":39},"end":{"line":18,"column":50}},"10":{"start":{"line":21,"column":2},"end":{"line":25,"column":null}}},"fnMap":{"0":{"name":"(anonymous_0)","decl":{"start":{"line":9,"column":24},"end":{"line":9,"column":30}},"loc":{"start":{"line":9,"column":30},"end":{"line":26,"column":null}},"line":9},"1":{"name":"(anonymous_1)","decl":{"start":{"line":12,"column":20},"end":{"line":12,"column":21}},"loc":{"start":{"line":12,"column":86},"end":{"line":15,"column":null}},"line":12},"2":{"name":"(anonymous_2)","decl":{"start":{"line":14,"column":14},"end":{"line":14,"column":22}},"loc":{"start":{"line":14,"column":22},"end":{"line":14,"column":54}},"line":14},"3":{"name":"(anonymous_3)","decl":{"start":{"line":17,"column":22},"end":{"line":17,"column":23}},"loc":{"start":{"line":17,"column":38},"end":{"line":19,"column":null}},"line":17},"4":{"name":"(anonymous_4)","decl":{"start":{"line":18,"column":14},"end":{"line":18,"column":22}},"loc":{"start":{"line":18,"column":22},"end":{"line":18,"column":51}},"line":18},"5":{"name":"(anonymous_5)","decl":{"start":{"line":18,"column":34},"end":{"line":18,"column":39}},"loc":{"start":{"line":18,"column":39},"end":{"line":18,"column":50}},"line":18}},"branchMap":{"0":{"loc":{"start":{"line":12,"column":38},"end":{"line":12,"column":86}},"type":"default-arg","locations":[{"start":{"line":12,"column":75},"end":{"line":12,"column":86}}],"line":12}},"s":{"0":1,"1":14,"2":14,"3":10,"4":10,"5":10,"6":14,"7":2,"8":2,"9":3,"10":14},"f":{"0":14,"1":10,"2":10,"3":2,"4":2,"5":3},"b":{"0":[10]},"meta":{"lastBranch":1,"lastFunction":6,"lastStatement":11,"seen":{"s:9:24:26:Infinity":0,"f:9:24:9:30":0,"s:10:26:10:Infinity":1,"s:12:20:15:Infinity":2,"f:12:20:12:21":1,"b:12:75:12:86":0,"s:13:15:13:Infinity":3,"s:14:4:14:Infinity":4,"f:14:14:14:22":2,"s:14:22:14:54":5,"s:17:22:19:Infinity":6,"f:17:22:17:23":3,"s:18:4:18:Infinity":7,"f:18:14:18:22":4,"s:18:22:18:51":8,"f:18:34:18:39":5,"s:18:39:18:50":9,"s:21:2:25:Infinity":10}}}
,"/home/yw/Desktop/Multiverse/src/utils/analytics.ts": {"path":"/home/yw/Desktop/Multiverse/src/utils/analytics.ts","statementMap":{"0":{"start":{"line":9,"column":30},"end":{"line":14,"column":null}},"1":{"start":{"line":11,"column":23},"end":{"line":11,"column":null}},"2":{"start":{"line":12,"column":23},"end":{"line":12,"column":null}},"3":{"start":{"line":12,"column":53},"end":{"line":12,"column":65}},"4":{"start":{"line":13,"column":2},"end":{"line":13,"column":null}},"5":{"start":{"line":19,"column":34},"end":{"line":24,"column":null}},"6":{"start":{"line":20,"column":2},"end":{"line":23,"column":null}},"7":{"start":{"line":21,"column":18},"end":{"line":21,"column":null}},"8":{"start":{"line":21,"column":55},"end":{"line":21,"column":67}},"9":{"start":{"line":22,"column":4},"end":{"line":22,"column":null}},"10":{"start":{"line":29,"column":35},"end":{"line":47,"column":null}},"11":{"start":{"line":30,"column":20},"end":{"line":30,"column":null}},"12":{"start":{"line":31,"column":21},"end":{"line":31,"column":null}},"13":{"start":{"line":33,"column":2},"end":{"line":40,"column":null}},"14":{"start":{"line":34,"column":19},"end":{"line":34,"column":null}},"15":{"start":{"line":35,"column":4},"end":{"line":39,"column":null}},"16":{"start":{"line":36,"column":6},"end":{"line":36,"column":null}},"17":{"start":{"line":38,"column":6},"end":{"line":38,"column":null}},"18":{"start":{"line":42,"column":2},"end":{"line":46,"column":null}},"19":{"start":{"line":52,"column":15},"end":{"line":57,"column":null}},"20":{"start":{"line":53,"column":2},"end":{"line":55,"column":null}},"21":{"start":{"line":54,"column":4},"end":{"line":54,"column":null}},"22":{"start":{"line":56,"column":2},"end":{"line":56,"column":null}},"23":{"start":{"line":63,"column":44},"end":{"line":91,"column":null}},"24":{"start":{"line":64,"column":2},"end":{"line":64,"column":null}},"25":{"start":{"line":64,"column":27},"end":{"line":64,"column":null}},"26":{"start":{"line":66,"column":18},"end":{"line":66,"column":null}},"27":{"start":{"line":67,"column":22},"end":{"line":67,"column":null}},"28":{"start":{"line":69,"column":2},"end":{"line":88,"column":null}},"29":{"start":{"line":69,"column":15},"end":{"line":69,"column":18}},"30":{"start":{"line":70,"column":20},"end":{"line":70,"column":null}},"31":{"start":{"line":71,"column":23},"end":{"line":71,"column":null}},"32":{"start":{"line":74,"column":4},"end":{"line":87,"column":null}},"33":{"start":{"line":75,"column":6},"end":{"line":86,"column":null}},"34":{"start":{"line":76,"column":25},"end":{"line":76,"column":null}},"35":{"start":{"line":77,"column":28},"end":{"line":77,"column":null}},"36":{"start":{"line":78,"column":25},"end":{"line":78,"column":null}},"37":{"start":{"line":79,"column":8},"end":{"line":82,"column":null}},"38":{"start":{"line":80,"column":10},"end":{"line":80,"column":null}},"39":{"start":{"line":81,"column":10},"end":{"line":81,"column":null}},"40":{"start":{"line":85,"column":8},"end":{"line":85,"column":null}},"41":{"start":{"line":90,"column":2},"end":{"line":90,"column":null}},"42":{"start":{"line":96,"column":33},"end":{"line":107,"column":null}},"43":{"start":{"line":97,"column":22},"end":{"line":97,"column":null}},"44":{"start":{"line":99,"column":2},"end":{"line":102,"column":null}},"45":{"start":{"line":100,"column":18},"end":{"line":100,"column":null}},"46":{"start":{"line":101,"column":4},"end":{"line":101,"column":null}},"47":{"start":{"line":104,"column":2},"end":{"line":106,"column":null}},"48":{"start":{"line":105,"column":30},"end":{"line":105,"column":47}},"49":{"start":{"line":106,"column":20},"end":{"line":106,"column":37}},"50":{"start":{"line":124,"column":41},"end":{"line":197,"column":null}},"51":{"start":{"line":125,"column":2},"end":{"line":137,"column":null}},"52":{"start":{"line":126,"column":4},"end":{"line":136,"column":null}},"53":{"start":{"line":139,"column":22},"end":{"line":139,"column":null}},"54":{"start":{"line":140,"column":19},"end":{"line":140,"column":null}},"55":{"start":{"line":141,"column":25},"end":{"line":141,"column":null}},"56":{"start":{"line":142,"column":26},"end":{"line":142,"column":null}},"57":{"start":{"line":143,"column":26},"end":{"line":143,"column":null}},"58":{"start":{"line":144,"column":22},"end":{"line":144,"column":null}},"59":{"start":{"line":145,"column":21},"end":{"line":145,"column":null}},"60":{"start":{"line":146,"column":19},"end":{"line":146,"column":null}},"61":{"start":{"line":148,"column":2},"end":{"line":178,"column":null}},"62":{"start":{"line":149,"column":4},"end":{"line":177,"column":null}},"63":{"start":{"line":151,"column":32},"end":{"line":154,"column":null}},"64":{"start":{"line":151,"column":58},"end":{"line":154,"column":8}},"65":{"start":{"line":156,"column":6},"end":{"line":156,"column":null}},"66":{"start":{"line":157,"column":24},"end":{"line":157,"column":null}},"67":{"start":{"line":158,"column":6},"end":{"line":158,"column":null}},"68":{"start":{"line":160,"column":25},"end":{"line":160,"column":null}},"69":{"start":{"line":161,"column":6},"end":{"line":161,"column":null}},"70":{"start":{"line":162,"column":6},"end":{"line":162,"column":null}},"71":{"start":{"line":164,"column":30},"end":{"line":164,"column":null}},"72":{"start":{"line":165,"column":6},"end":{"line":168,"column":null}},"73":{"start":{"line":166,"column":8},"end":{"line":166,"column":null}},"74":{"start":{"line":167,"column":8},"end":{"line":167,"column":null}},"75":{"start":{"line":171,"column":24},"end":{"line":171,"column":null}},"76":{"start":{"line":172,"column":6},"end":{"line":172,"column":null}},"77":{"start":{"line":172,"column":36},"end":{"line":172,"column":null}},"78":{"start":{"line":173,"column":6},"end":{"line":173,"column":null}},"79":{"start":{"line":173,"column":34},"end":{"line":173,"column":null}},"80":{"start":{"line":175,"column":6},"end":{"line":175,"column":null}},"81":{"start":{"line":180,"column":32},"end":{"line":180,"column":null}},"82":{"start":{"line":182,"column":2},"end":{"line":196,"column":null}},"83":{"start":{"line":212,"column":46},"end":{"line":249,"column":null}},"84":{"start":{"line":214,"column":28},"end":{"line":217,"column":null}},"85":{"start":{"line":214,"column":62},"end":{"line":217,"column":4}},"86":{"start":{"line":219,"column":20},"end":{"line":219,"column":null}},"87":{"start":{"line":220,"column":21},"end":{"line":220,"column":null}},"88":{"start":{"line":221,"column":30},"end":{"line":221,"column":null}},"89":{"start":{"line":223,"column":23},"end":{"line":223,"column":null}},"90":{"start":{"line":223,"column":53},"end":{"line":223,"column":70}},"91":{"start":{"line":224,"column":28},"end":{"line":224,"column":null}},"92":{"start":{"line":224,"column":58},"end":{"line":224,"column":80}},"93":{"start":{"line":226,"column":17},"end":{"line":226,"column":null}},"94":{"start":{"line":227,"column":2},"end":{"line":238,"column":null}},"95":{"start":{"line":228,"column":4},"end":{"line":237,"column":null}},"96":{"start":{"line":229,"column":23},"end":{"line":229,"column":null}},"97":{"start":{"line":230,"column":22},"end":{"line":230,"column":null}},"98":{"start":{"line":231,"column":24},"end":{"line":231,"column":null}},"99":{"start":{"line":232,"column":23},"end":{"line":232,"column":null}},"100":{"start":{"line":233,"column":6},"end":{"line":233,"column":null}},"101":{"start":{"line":235,"column":6},"end":{"line":235,"column":null}},"102":{"start":{"line":236,"column":6},"end":{"line":236,"column":null}},"103":{"start":{"line":240,"column":2},"end":{"line":248,"column":null}},"104":{"start":{"line":254,"column":30},"end":{"line":260,"column":null}},"105":{"start":{"line":255,"column":2},"end":{"line":255,"column":null}},"106":{"start":{"line":255,"column":17},"end":{"line":255,"column":null}},"107":{"start":{"line":256,"column":2},"end":{"line":256,"column":null}},"108":{"start":{"line":256,"column":18},"end":{"line":256,"column":null}},"109":{"start":{"line":257,"column":2},"end":{"line":257,"column":null}},"110":{"start":{"line":257,"column":20},"end":{"line":257,"column":null}},"111":{"start":{"line":258,"column":2},"end":{"line":258,"column":null}},"112":{"start":{"line":258,"column":21},"end":{"line":258,"column":null}},"113":{"start":{"line":259,"column":2},"end":{"line":259,"column":null}},"114":{"start":{"line":265,"column":28},"end":{"line":267,"column":null}},"115":{"start":{"line":266,"column":2},"end":{"line":266,"column":null}}},"fnMap":{"0":{"name":"(anonymous_0)","decl":{"start":{"line":9,"column":30},"end":{"line":9,"column":31}},"loc":{"start":{"line":9,"column":56},"end":{"line":14,"column":null}},"line":9},"1":{"name":"(anonymous_1)","decl":{"start":{"line":12,"column":48},"end":{"line":12,"column":53}},"loc":{"start":{"line":12,"column":53},"end":{"line":12,"column":65}},"line":12},"2":{"name":"(anonymous_2)","decl":{"start":{"line":19,"column":34},"end":{"line":19,"column":35}},"loc":{"start":{"line":19,"column":67},"end":{"line":24,"column":null}},"line":19},"3":{"name":"(anonymous_3)","decl":{"start":{"line":20,"column":25},"end":{"line":20,"column":26}},"loc":{"start":{"line":20,"column":41},"end":{"line":23,"column":5}},"line":20},"4":{"name":"(anonymous_4)","decl":{"start":{"line":21,"column":50},"end":{"line":21,"column":55}},"loc":{"start":{"line":21,"column":55},"end":{"line":21,"column":67}},"line":21},"5":{"name":"(anonymous_5)","decl":{"start":{"line":29,"column":35},"end":{"line":29,"column":36}},"loc":{"start":{"line":29,"column":110},"end":{"line":47,"column":null}},"line":29},"6":{"name":"(anonymous_6)","decl":{"start":{"line":33,"column":19},"end":{"line":33,"column":26}},"loc":{"start":{"line":33,"column":26},"end":{"line":40,"column":3}},"line":33},"7":{"name":"(anonymous_7)","decl":{"start":{"line":52,"column":15},"end":{"line":52,"column":16}},"loc":{"start":{"line":52,"column":51},"end":{"line":57,"column":null}},"line":52},"8":{"name":"(anonymous_8)","decl":{"start":{"line":63,"column":44},"end":{"line":63,"column":45}},"loc":{"start":{"line":63,"column":77},"end":{"line":91,"column":null}},"line":63},"9":{"name":"(anonymous_9)","decl":{"start":{"line":96,"column":33},"end":{"line":96,"column":34}},"loc":{"start":{"line":96,"column":114},"end":{"line":107,"column":null}},"line":96},"10":{"name":"(anonymous_10)","decl":{"start":{"line":99,"column":24},"end":{"line":99,"column":32}},"loc":{"start":{"line":99,"column":32},"end":{"line":102,"column":3}},"line":99},"11":{"name":"(anonymous_11)","decl":{"start":{"line":105,"column":9},"end":{"line":105,"column":10}},"loc":{"start":{"line":105,"column":30},"end":{"line":105,"column":47}},"line":105},"12":{"name":"(anonymous_12)","decl":{"start":{"line":106,"column":10},"end":{"line":106,"column":11}},"loc":{"start":{"line":106,"column":20},"end":{"line":106,"column":37}},"line":106},"13":{"name":"(anonymous_13)","decl":{"start":{"line":124,"column":41},"end":{"line":124,"column":42}},"loc":{"start":{"line":124,"column":104},"end":{"line":197,"column":null}},"line":124},"14":{"name":"(anonymous_14)","decl":{"start":{"line":148,"column":24},"end":{"line":148,"column":32}},"loc":{"start":{"line":148,"column":32},"end":{"line":178,"column":3}},"line":148},"15":{"name":"(anonymous_15)","decl":{"start":{"line":151,"column":50},"end":{"line":151,"column":58}},"loc":{"start":{"line":151,"column":58},"end":{"line":154,"column":8}},"line":151},"16":{"name":"(anonymous_16)","decl":{"start":{"line":212,"column":46},"end":{"line":212,"column":47}},"loc":{"start":{"line":212,"column":112},"end":{"line":249,"column":null}},"line":212},"17":{"name":"(anonymous_17)","decl":{"start":{"line":214,"column":54},"end":{"line":214,"column":62}},"loc":{"start":{"line":214,"column":62},"end":{"line":217,"column":4}},"line":214},"18":{"name":"(anonymous_18)","decl":{"start":{"line":223,"column":48},"end":{"line":223,"column":53}},"loc":{"start":{"line":223,"column":53},"end":{"line":223,"column":70}},"line":223},"19":{"name":"(anonymous_19)","decl":{"start":{"line":224,"column":53},"end":{"line":224,"column":58}},"loc":{"start":{"line":224,"column":58},"end":{"line":224,"column":80}},"line":224},"20":{"name":"(anonymous_20)","decl":{"start":{"line":254,"column":30},"end":{"line":254,"column":31}},"loc":{"start":{"line":254,"column":54},"end":{"line":260,"column":null}},"line":254},"21":{"name":"(anonymous_21)","decl":{"start":{"line":265,"column":28},"end":{"line":265,"column":29}},"loc":{"start":{"line":265,"column":53},"end":{"line":267,"column":null}},"line":265}},"branchMap":{"0":{"loc":{"start":{"line":35,"column":4},"end":{"line":39,"column":null}},"type":"if","locations":[{"start":{"line":35,"column":4},"end":{"line":39,"column":null}},{"start":{"line":37,"column":11},"end":{"line":39,"column":null}}],"line":35},"1":{"loc":{"start":{"line":53,"column":2},"end":{"line":55,"column":null}},"type":"if","locations":[{"start":{"line":53,"column":2},"end":{"line":55,"column":null}},{"start":{},"end":{}}],"line":53},"2":{"loc":{"start":{"line":64,"column":2},"end":{"line":64,"column":null}},"type":"if","locations":[{"start":{"line":64,"column":2},"end":{"line":64,"column":null}},{"start":{},"end":{}}],"line":64},"3":{"loc":{"start":{"line":74,"column":4},"end":{"line":87,"column":null}},"type":"if","locations":[{"start":{"line":74,"column":4},"end":{"line":87,"column":null}},{"start":{},"end":{}}],"line":74},"4":{"loc":{"start":{"line":74,"column":8},"end":{"line":74,"column":68}},"type":"binary-expr","locations":[{"start":{"line":74,"column":8},"end":{"line":74,"column":35}},{"start":{"line":74,"column":35},"end":{"line":74,"column":68}}],"line":74},"5":{"loc":{"start":{"line":79,"column":8},"end":{"line":82,"column":null}},"type":"if","locations":[{"start":{"line":79,"column":8},"end":{"line":82,"column":null}},{"start":{},"end":{}}],"line":79},"6":{"loc":{"start":{"line":79,"column":12},"end":{"line":79,"column":47}},"type":"binary-expr","locations":[{"start":{"line":79,"column":12},"end":{"line":79,"column":28}},{"start":{"line":79,"column":28},"end":{"line":79,"column":47}}],"line":79},"7":{"loc":{"start":{"line":90,"column":9},"end":{"line":90,"column":null}},"type":"cond-expr","locations":[{"start":{"line":90,"column":29},"end":{"line":90,"column":57}},{"start":{"line":90,"column":57},"end":{"line":90,"column":null}}],"line":90},"8":{"loc":{"start":{"line":100,"column":18},"end":{"line":100,"column":null}},"type":"binary-expr","locations":[{"start":{"line":100,"column":18},"end":{"line":100,"column":49}},{"start":{"line":100,"column":49},"end":{"line":100,"column":null}}],"line":100},"9":{"loc":{"start":{"line":125,"column":2},"end":{"line":137,"column":null}},"type":"if","locations":[{"start":{"line":125,"column":2},"end":{"line":137,"column":null}},{"start":{},"end":{}}],"line":125},"10":{"loc":{"start":{"line":153,"column":19},"end":{"line":153,"column":null}},"type":"cond-expr","locations":[{"start":{"line":153,"column":51},"end":{"line":153,"column":67}},{"start":{"line":153,"column":67},"end":{"line":153,"column":null}}],"line":153},"11":{"loc":{"start":{"line":165,"column":6},"end":{"line":168,"column":null}},"type":"if","locations":[{"start":{"line":165,"column":6},"end":{"line":168,"column":null}},{"start":{},"end":{}}],"line":165},"12":{"loc":{"start":{"line":172,"column":6},"end":{"line":172,"column":null}},"type":"if","locations":[{"start":{"line":172,"column":6},"end":{"line":172,"column":null}},{"start":{},"end":{}}],"line":172},"13":{"loc":{"start":{"line":173,"column":6},"end":{"line":173,"column":null}},"type":"if","locations":[{"start":{"line":173,"column":6},"end":{"line":173,"column":null}},{"start":{},"end":{}}],"line":173},"14":{"loc":{"start":{"line":193,"column":25},"end":{"line":193,"column":null}},"type":"cond-expr","locations":[{"start":{"line":193,"column":45},"end":{"line":193,"column":81}},{"start":{"line":193,"column":81},"end":{"line":193,"column":null}}],"line":193},"15":{"loc":{"start":{"line":216,"column":15},"end":{"line":216,"column":null}},"type":"cond-expr","locations":[{"start":{"line":216,"column":47},"end":{"line":216,"column":63}},{"start":{"line":216,"column":63},"end":{"line":216,"column":null}}],"line":216},"16":{"loc":{"start":{"line":227,"column":2},"end":{"line":238,"column":null}},"type":"if","locations":[{"start":{"line":227,"column":2},"end":{"line":238,"column":null}},{"start":{},"end":{}}],"line":227},"17":{"loc":{"start":{"line":255,"column":2},"end":{"line":255,"column":null}},"type":"if","locations":[{"start":{"line":255,"column":2},"end":{"line":255,"column":null}},{"start":{},"end":{}}],"line":255},"18":{"loc":{"start":{"line":256,"column":2},"end":{"line":256,"column":null}},"type":"if","locations":[{"start":{"line":256,"column":2},"end":{"line":256,"column":null}},{"start":{},"end":{}}],"line":256},"19":{"loc":{"start":{"line":257,"column":2},"end":{"line":257,"column":null}},"type":"if","locations":[{"start":{"line":257,"column":2},"end":{"line":257,"column":null}},{"start":{},"end":{}}],"line":257},"20":{"loc":{"start":{"line":258,"column":2},"end":{"line":258,"column":null}},"type":"if","locations":[{"start":{"line":258,"column":2},"end":{"line":258,"column":null}},{"start":{},"end":{}}],"line":258}},"s":{"0":1,"1":5,"2":5,"3":1006,"4":5,"5":1,"6":2,"7":2,"8":4,"9":2,"10":1,"11":1,"12":1,"13":1,"14":2,"15":2,"16":1,"17":1,"18":1,"19":1,"20":2,"21":2,"22":0,"23":1,"24":2,"25":1,"26":1,"27":1,"28":1,"29":1,"30":1,"31":1,"32":1,"33":1,"34":1,"35":1,"36":1,"37":1,"38":1,"39":1,"40":0,"41":1,"42":1,"43":0,"44":0,"45":0,"46":0,"47":0,"48":0,"49":0,"50":1,"51":0,"52":0,"53":0,"54":0,"55":0,"56":0,"57":0,"58":0,"59":0,"60":0,"61":0,"62":0,"63":0,"64":0,"65":0,"66":0,"67":0,"68":0,"69":0,"70":0,"71":0,"72":0,"73":0,"74":0,"75":0,"76":0,"77":0,"78":0,"79":0,"80":0,"81":0,"82":0,"83":1,"84":0,"85":0,"86":0,"87":0,"88":0,"89":0,"90":0,"91":0,"92":0,"93":0,"94":0,"95":0,"96":0,"97":0,"98":0,"99":0,"100":0,"101":0,"102":0,"103":0,"104":1,"105":4,"106":1,"107":3,"108":3,"109":2,"110":2,"111":1,"112":1,"113":0,"114":1,"115":4},"f":{"0":5,"1":1006,"2":2,"3":2,"4":4,"5":1,"6":2,"7":2,"8":2,"9":0,"10":0,"11":0,"12":0,"13":0,"14":0,"15":0,"16":0,"17":0,"18":0,"19":0,"20":4,"21":4},"b":{"0":[1,1],"1":[2,0],"2":[1,1],"3":[1,0],"4":[1,1],"5":[1,0],"6":[1,1],"7":[1,0],"8":[0,0],"9":[0,0],"10":[0,0],"11":[0,0],"12":[0,0],"13":[0,0],"14":[0,0],"15":[0,0],"16":[0,0],"17":[1,3],"18":[1,2],"19":[1,1],"20":[1,0]},"meta":{"lastBranch":21,"lastFunction":22,"lastStatement":116,"seen":{"s:9:30:14:Infinity":0,"f:9:30:9:31":0,"s:11:23:11:Infinity":1,"s:12:23:12:Infinity":2,"f:12:48:12:53":1,"s:12:53:12:65":3,"s:13:2:13:Infinity":4,"s:19:34:24:Infinity":5,"f:19:34:19:35":2,"s:20:2:23:Infinity":6,"f:20:25:20:26":3,"s:21:18:21:Infinity":7,"f:21:50:21:55":4,"s:21:55:21:67":8,"s:22:4:22:Infinity":9,"s:29:35:47:Infinity":10,"f:29:35:29:36":5,"s:30:20:30:Infinity":11,"s:31:21:31:Infinity":12,"s:33:2:40:Infinity":13,"f:33:19:33:26":6,"s:34:19:34:Infinity":14,"b:35:4:39:Infinity:37:11:39:Infinity":0,"s:35:4:39:Infinity":15,"s:36:6:36:Infinity":16,"s:38:6:38:Infinity":17,"s:42:2:46:Infinity":18,"s:52:15:57:Infinity":19,"f:52:15:52:16":7,"b:53:2:55:Infinity:undefined:undefined:undefined:undefined":1,"s:53:2:55:Infinity":20,"s:54:4:54:Infinity":21,"s:56:2:56:Infinity":22,"s:63:44:91:Infinity":23,"f:63:44:63:45":8,"b:64:2:64:Infinity:undefined:undefined:undefined:undefined":2,"s:64:2:64:Infinity":24,"s:64:27:64:Infinity":25,"s:66:18:66:Infinity":26,"s:67:22:67:Infinity":27,"s:69:2:88:Infinity":28,"s:69:15:69:18":29,"s:70:20:70:Infinity":30,"s:71:23:71:Infinity":31,"b:74:4:87:Infinity:undefined:undefined:undefined:undefined":3,"s:74:4:87:Infinity":32,"b:74:8:74:35:74:35:74:68":4,"s:75:6:86:Infinity":33,"s:76:25:76:Infinity":34,"s:77:28:77:Infinity":35,"s:78:25:78:Infinity":36,"b:79:8:82:Infinity:undefined:undefined:undefined:undefined":5,"s:79:8:82:Infinity":37,"b:79:12:79:28:79:28:79:47":6,"s:80:10:80:Infinity":38,"s:81:10:81:Infinity":39,"s:85:8:85:Infinity":40,"s:90:2:90:Infinity":41,"b:90:29:90:57:90:57:90:Infinity":7,"s:96:33:107:Infinity":42,"f:96:33:96:34":9,"s:97:22:97:Infinity":43,"s:99:2:102:Infinity":44,"f:99:24:99:32":10,"s:100:18:100:Infinity":45,"b:100:18:100:49:100:49:100:Infinity":8,"s:101:4:101:Infinity":46,"s:104:2:106:Infinity":47,"f:105:9:105:10":11,"s:105:30:105:47":48,"f:106:10:106:11":12,"s:106:20:106:37":49,"s:124:41:197:Infinity":50,"f:124:41:124:42":13,"b:125:2:137:Infinity:undefined:undefined:undefined:undefined":9,"s:125:2:137:Infinity":51,"s:126:4:136:Infinity":52,"s:139:22:139:Infinity":53,"s:140:19:140:Infinity":54,"s:141:25:141:Infinity":55,"s:142:26:142:Infinity":56,"s:143:26:143:Infinity":57,"s:144:22:144:Infinity":58,"s:145:21:145:Infinity":59,"s:146:19:146:Infinity":60,"s:148:2:178:Infinity":61,"f:148:24:148:32":14,"s:149:4:177:Infinity":62,"s:151:32:154:Infinity":63,"f:151:50:151:58":15,"s:151:58:154:8":64,"b:153:51:153:67:153:67:153:Infinity":10,"s:156:6:156:Infinity":65,"s:157:24:157:Infinity":66,"s:158:6:158:Infinity":67,"s:160:25:160:Infinity":68,"s:161:6:161:Infinity":69,"s:162:6:162:Infinity":70,"s:164:30:164:Infinity":71,"b:165:6:168:Infinity:undefined:undefined:undefined:undefined":11,"s:165:6:168:Infinity":72,"s:166:8:166:Infinity":73,"s:167:8:167:Infinity":74,"s:171:24:171:Infinity":75,"b:172:6:172:Infinity:undefined:undefined:undefined:undefined":12,"s:172:6:172:Infinity":76,"s:172:36:172:Infinity":77,"b:173:6:173:Infinity:undefined:undefined:undefined:undefined":13,"s:173:6:173:Infinity":78,"s:173:34:173:Infinity":79,"s:175:6:175:Infinity":80,"s:180:32:180:Infinity":81,"s:182:2:196:Infinity":82,"b:193:45:193:81:193:81:193:Infinity":14,"s:212:46:249:Infinity":83,"f:212:46:212:47":16,"s:214:28:217:Infinity":84,"f:214:54:214:62":17,"s:214:62:217:4":85,"b:216:47:216:63:216:63:216:Infinity":15,"s:219:20:219:Infinity":86,"s:220:21:220:Infinity":87,"s:221:30:221:Infinity":88,"s:223:23:223:Infinity":89,"f:223:48:223:53":18,"s:223:53:223:70":90,"s:224:28:224:Infinity":91,"f:224:53:224:58":19,"s:224:58:224:80":92,"s:226:17:226:Infinity":93,"b:227:2:238:Infinity:undefined:undefined:undefined:undefined":16,"s:227:2:238:Infinity":94,"s:228:4:237:Infinity":95,"s:229:23:229:Infinity":96,"s:230:22:230:Infinity":97,"s:231:24:231:Infinity":98,"s:232:23:232:Infinity":99,"s:233:6:233:Infinity":100,"s:235:6:235:Infinity":101,"s:236:6:236:Infinity":102,"s:240:2:248:Infinity":103,"s:254:30:260:Infinity":104,"f:254:30:254:31":20,"b:255:2:255:Infinity:undefined:undefined:undefined:undefined":17,"s:255:2:255:Infinity":105,"s:255:17:255:Infinity":106,"b:256:2:256:Infinity:undefined:undefined:undefined:undefined":18,"s:256:2:256:Infinity":107,"s:256:18:256:Infinity":108,"b:257:2:257:Infinity:undefined:undefined:undefined:undefined":19,"s:257:2:257:Infinity":109,"s:257:20:257:Infinity":110,"b:258:2:258:Infinity:undefined:undefined:undefined:undefined":20,"s:258:2:258:Infinity":111,"s:258:21:258:Infinity":112,"s:259:2:259:Infinity":113,"s:265:28:267:Infinity":114,"f:265:28:265:29":21,"s:266:2:266:Infinity":115}}}
,"/home/yw/Desktop/Multiverse/src/utils/debounce.ts": {"path":"/home/yw/Desktop/Multiverse/src/utils/debounce.ts","statementMap":{"0":{"start":{"line":9,"column":54},"end":{"line":9,"column":null}},"1":{"start":{"line":11,"column":2},"end":{"line":21,"column":null}},"2":{"start":{"line":12,"column":18},"end":{"line":15,"column":null}},"3":{"start":{"line":13,"column":6},"end":{"line":13,"column":null}},"4":{"start":{"line":14,"column":6},"end":{"line":14,"column":null}},"5":{"start":{"line":17,"column":4},"end":{"line":19,"column":null}},"6":{"start":{"line":18,"column":6},"end":{"line":18,"column":null}},"7":{"start":{"line":20,"column":4},"end":{"line":20,"column":null}},"8":{"start":{"line":31,"column":28},"end":{"line":31,"column":null}},"9":{"start":{"line":33,"column":2},"end":{"line":41,"column":null}},"10":{"start":{"line":34,"column":4},"end":{"line":40,"column":null}},"11":{"start":{"line":35,"column":6},"end":{"line":35,"column":null}},"12":{"start":{"line":36,"column":6},"end":{"line":36,"column":null}},"13":{"start":{"line":37,"column":6},"end":{"line":39,"column":null}},"14":{"start":{"line":38,"column":8},"end":{"line":38,"column":null}}},"fnMap":{"0":{"name":"debounce","decl":{"start":{"line":5,"column":16},"end":{"line":5,"column":null}},"loc":{"start":{"line":8,"column":36},"end":{"line":22,"column":null}},"line":8},"1":{"name":"executedFunction","decl":{"start":{"line":11,"column":18},"end":{"line":11,"column":38}},"loc":{"start":{"line":11,"column":59},"end":{"line":21,"column":null}},"line":11},"2":{"name":"(anonymous_2)","decl":{"start":{"line":12,"column":18},"end":{"line":12,"column":24}},"loc":{"start":{"line":12,"column":24},"end":{"line":15,"column":null}},"line":12},"3":{"name":"throttle","decl":{"start":{"line":27,"column":16},"end":{"line":27,"column":null}},"loc":{"start":{"line":30,"column":36},"end":{"line":42,"column":null}},"line":30},"4":{"name":"executedFunction","decl":{"start":{"line":33,"column":18},"end":{"line":33,"column":38}},"loc":{"start":{"line":33,"column":59},"end":{"line":41,"column":null}},"line":33},"5":{"name":"(anonymous_5)","decl":{"start":{"line":37,"column":17},"end":{"line":37,"column":23}},"loc":{"start":{"line":37,"column":23},"end":{"line":39,"column":9}},"line":37}},"branchMap":{"0":{"loc":{"start":{"line":17,"column":4},"end":{"line":19,"column":null}},"type":"if","locations":[{"start":{"line":17,"column":4},"end":{"line":19,"column":null}},{"start":{},"end":{}}],"line":17},"1":{"loc":{"start":{"line":34,"column":4},"end":{"line":40,"column":null}},"type":"if","locations":[{"start":{"line":34,"column":4},"end":{"line":40,"column":null}},{"start":{},"end":{}}],"line":34}},"s":{"0":4,"1":4,"2":8,"3":4,"4":4,"5":8,"6":4,"7":8,"8":2,"9":2,"10":5,"11":3,"12":3,"13":3,"14":1},"f":{"0":4,"1":8,"2":4,"3":2,"4":5,"5":1},"b":{"0":[4,4],"1":[3,2]},"meta":{"lastBranch":2,"lastFunction":6,"lastStatement":15,"seen":{"f:5:16:5:Infinity":0,"s:9:54:9:Infinity":0,"s:11:2:21:Infinity":1,"f:11:18:11:38":1,"s:12:18:15:Infinity":2,"f:12:18:12:24":2,"s:13:6:13:Infinity":3,"s:14:6:14:Infinity":4,"b:17:4:19:Infinity:undefined:undefined:undefined:undefined":0,"s:17:4:19:Infinity":5,"s:18:6:18:Infinity":6,"s:20:4:20:Infinity":7,"f:27:16:27:Infinity":3,"s:31:28:31:Infinity":8,"s:33:2:41:Infinity":9,"f:33:18:33:38":4,"b:34:4:40:Infinity:undefined:undefined:undefined:undefined":1,"s:34:4:40:Infinity":10,"s:35:6:35:Infinity":11,"s:36:6:36:Infinity":12,"s:37:6:39:Infinity":13,"f:37:17:37:23":5,"s:38:8:38:Infinity":14}}}
,"/home/yw/Desktop/Multiverse/src/utils/errorHandling.ts": {"path":"/home/yw/Desktop/Multiverse/src/utils/errorHandling.ts","statementMap":{"0":{"start":{"line":1,"column":39},"end":{"line":36,"column":null}},"1":{"start":{"line":2,"column":2},"end":{"line":34,"column":null}},"2":{"start":{"line":3,"column":25},"end":{"line":3,"column":null}},"3":{"start":{"line":6,"column":4},"end":{"line":8,"column":null}},"4":{"start":{"line":7,"column":6},"end":{"line":7,"column":null}},"5":{"start":{"line":9,"column":4},"end":{"line":11,"column":null}},"6":{"start":{"line":10,"column":6},"end":{"line":10,"column":null}},"7":{"start":{"line":14,"column":4},"end":{"line":16,"column":null}},"8":{"start":{"line":15,"column":6},"end":{"line":15,"column":null}},"9":{"start":{"line":17,"column":4},"end":{"line":19,"column":null}},"10":{"start":{"line":18,"column":6},"end":{"line":18,"column":null}},"11":{"start":{"line":20,"column":4},"end":{"line":22,"column":null}},"12":{"start":{"line":21,"column":6},"end":{"line":21,"column":null}},"13":{"start":{"line":23,"column":4},"end":{"line":25,"column":null}},"14":{"start":{"line":24,"column":6},"end":{"line":24,"column":null}},"15":{"start":{"line":28,"column":4},"end":{"line":30,"column":null}},"16":{"start":{"line":29,"column":6},"end":{"line":29,"column":null}},"17":{"start":{"line":33,"column":4},"end":{"line":33,"column":null}},"18":{"start":{"line":35,"column":2},"end":{"line":35,"column":null}}},"fnMap":{"0":{"name":"(anonymous_0)","decl":{"start":{"line":1,"column":39},"end":{"line":1,"column":40}},"loc":{"start":{"line":1,"column":67},"end":{"line":36,"column":null}},"line":1}},"branchMap":{"0":{"loc":{"start":{"line":2,"column":2},"end":{"line":34,"column":null}},"type":"if","locations":[{"start":{"line":2,"column":2},"end":{"line":34,"column":null}},{"start":{},"end":{}}],"line":2},"1":{"loc":{"start":{"line":6,"column":4},"end":{"line":8,"column":null}},"type":"if","locations":[{"start":{"line":6,"column":4},"end":{"line":8,"column":null}},{"start":{},"end":{}}],"line":6},"2":{"loc":{"start":{"line":6,"column":8},"end":{"line":6,"column":70}},"type":"binary-expr","locations":[{"start":{"line":6,"column":8},"end":{"line":6,"column":38}},{"start":{"line":6,"column":38},"end":{"line":6,"column":70}}],"line":6},"3":{"loc":{"start":{"line":9,"column":4},"end":{"line":11,"column":null}},"type":"if","locations":[{"start":{"line":9,"column":4},"end":{"line":11,"column":null}},{"start":{},"end":{}}],"line":9},"4":{"loc":{"start":{"line":14,"column":4},"end":{"line":16,"column":null}},"type":"if","locations":[{"start":{"line":14,"column":4},"end":{"line":16,"column":null}},{"start":{},"end":{}}],"line":14},"5":{"loc":{"start":{"line":17,"column":4},"end":{"line":19,"column":null}},"type":"if","locations":[{"start":{"line":17,"column":4},"end":{"line":19,"column":null}},{"start":{},"end":{}}],"line":17},"6":{"loc":{"start":{"line":17,"column":8},"end":{"line":17,"column":70}},"type":"binary-expr","locations":[{"start":{"line":17,"column":8},"end":{"line":17,"column":40}},{"start":{"line":17,"column":40},"end":{"line":17,"column":70}}],"line":17},"7":{"loc":{"start":{"line":20,"column":4},"end":{"line":22,"column":null}},"type":"if","locations":[{"start":{"line":20,"column":4},"end":{"line":22,"column":null}},{"start":{},"end":{}}],"line":20},"8":{"loc":{"start":{"line":23,"column":4},"end":{"line":25,"column":null}},"type":"if","locations":[{"start":{"line":23,"column":4},"end":{"line":25,"column":null}},{"start":{},"end":{}}],"line":23},"9":{"loc":{"start":{"line":23,"column":8},"end":{"line":23,"column":102}},"type":"binary-expr","locations":[{"start":{"line":23,"column":8},"end":{"line":23,"column":40}},{"start":{"line":23,"column":40},"end":{"line":23,"column":72}},{"start":{"line":23,"column":72},"end":{"line":23,"column":102}}],"line":23},"10":{"loc":{"start":{"line":28,"column":4},"end":{"line":30,"column":null}},"type":"if","locations":[{"start":{"line":28,"column":4},"end":{"line":30,"column":null}},{"start":{},"end":{}}],"line":28}},"s":{"0":1,"1":10,"2":6,"3":6,"4":2,"5":4,"6":0,"7":4,"8":1,"9":3,"10":0,"11":3,"12":0,"13":3,"14":0,"15":3,"16":1,"17":2,"18":4},"f":{"0":10},"b":{"0":[6,4],"1":[2,4],"2":[6,2],"3":[0,4],"4":[1,3],"5":[0,3],"6":[3,3],"7":[0,3],"8":[0,3],"9":[3,3,3],"10":[1,2]},"meta":{"lastBranch":11,"lastFunction":1,"lastStatement":19,"seen":{"s:1:39:36:Infinity":0,"f:1:39:1:40":0,"b:2:2:34:Infinity:undefined:undefined:undefined:undefined":0,"s:2:2:34:Infinity":1,"s:3:25:3:Infinity":2,"b:6:4:8:Infinity:undefined:undefined:undefined:undefined":1,"s:6:4:8:Infinity":3,"b:6:8:6:38:6:38:6:70":2,"s:7:6:7:Infinity":4,"b:9:4:11:Infinity:undefined:undefined:undefined:undefined":3,"s:9:4:11:Infinity":5,"s:10:6:10:Infinity":6,"b:14:4:16:Infinity:undefined:undefined:undefined:undefined":4,"s:14:4:16:Infinity":7,"s:15:6:15:Infinity":8,"b:17:4:19:Infinity:undefined:undefined:undefined:undefined":5,"s:17:4:19:Infinity":9,"b:17:8:17:40:17:40:17:70":6,"s:18:6:18:Infinity":10,"b:20:4:22:Infinity:undefined:undefined:undefined:undefined":7,"s:20:4:22:Infinity":11,"s:21:6:21:Infinity":12,"b:23:4:25:Infinity:undefined:undefined:undefined:undefined":8,"s:23:4:25:Infinity":13,"b:23:8:23:40:23:40:23:72:23:72:23:102":9,"s:24:6:24:Infinity":14,"b:28:4:30:Infinity:undefined:undefined:undefined:undefined":10,"s:28:4:30:Infinity":15,"s:29:6:29:Infinity":16,"s:33:4:33:Infinity":17,"s:35:2:35:Infinity":18}}}
,"/home/yw/Desktop/Multiverse/src/utils/markdown.ts": {"path":"/home/yw/Desktop/Multiverse/src/utils/markdown.ts","statementMap":{"0":{"start":{"line":1,"column":30},"end":{"line":35,"column":null}},"1":{"start":{"line":3,"column":13},"end":{"line":6,"column":null}},"2":{"start":{"line":9,"column":2},"end":{"line":15,"column":null}},"3":{"start":{"line":10,"column":24},"end":{"line":13,"column":null}},"4":{"start":{"line":14,"column":4},"end":{"line":14,"column":null}},"5":{"start":{"line":18,"column":2},"end":{"line":18,"column":null}},"6":{"start":{"line":21,"column":2},"end":{"line":21,"column":null}},"7":{"start":{"line":22,"column":2},"end":{"line":22,"column":null}},"8":{"start":{"line":25,"column":2},"end":{"line":25,"column":null}},"9":{"start":{"line":26,"column":2},"end":{"line":26,"column":null}},"10":{"start":{"line":29,"column":2},"end":{"line":29,"column":null}},"11":{"start":{"line":32,"column":2},"end":{"line":32,"column":null}},"12":{"start":{"line":34,"column":2},"end":{"line":34,"column":null}}},"fnMap":{"0":{"name":"(anonymous_0)","decl":{"start":{"line":1,"column":30},"end":{"line":1,"column":31}},"loc":{"start":{"line":1,"column":56},"end":{"line":35,"column":null}},"line":1},"1":{"name":"(anonymous_1)","decl":{"start":{"line":9,"column":43},"end":{"line":9,"column":44}},"loc":{"start":{"line":9,"column":61},"end":{"line":15,"column":3}},"line":9}},"branchMap":{},"s":{"0":1,"1":11,"2":11,"3":2,"4":2,"5":11,"6":11,"7":11,"8":11,"9":11,"10":11,"11":11,"12":11},"f":{"0":11,"1":2},"b":{},"meta":{"lastBranch":0,"lastFunction":2,"lastStatement":13,"seen":{"s:1:30:35:Infinity":0,"f:1:30:1:31":0,"s:3:13:6:Infinity":1,"s:9:2:15:Infinity":2,"f:9:43:9:44":1,"s:10:24:13:Infinity":3,"s:14:4:14:Infinity":4,"s:18:2:18:Infinity":5,"s:21:2:21:Infinity":6,"s:22:2:22:Infinity":7,"s:25:2:25:Infinity":8,"s:26:2:26:Infinity":9,"s:29:2:29:Infinity":10,"s:32:2:32:Infinity":11,"s:34:2:34:Infinity":12}}}
}
