{"/home/yw/Desktop/Multiverse/src/components/ErrorBoundary.tsx": {"path":"/home/yw/Desktop/Multiverse/src/components/ErrorBoundary.tsx","statementMap":{"0":{"start":{"line":74,"column":16},"end":{"line":80,"column":null}},"1":{"start":{"line":19,"column":4},"end":{"line":19,"column":null}},"2":{"start":{"line":20,"column":4},"end":{"line":24,"column":null}},"3":{"start":{"line":29,"column":4},"end":{"line":32,"column":null}},"4":{"start":{"line":37,"column":4},"end":{"line":37,"column":null}},"5":{"start":{"line":40,"column":4},"end":{"line":43,"column":null}},"6":{"start":{"line":46,"column":4},"end":{"line":48,"column":null}},"7":{"start":{"line":47,"column":6},"end":{"line":47,"column":null}},"8":{"start":{"line":51,"column":4},"end":{"line":71,"column":null}},"9":{"start":{"line":52,"column":23},"end":{"line":60,"column":null}},"10":{"start":{"line":63,"column":27},"end":{"line":63,"column":null}},"11":{"start":{"line":64,"column":19},"end":{"line":64,"column":null}},"12":{"start":{"line":65,"column":6},"end":{"line":65,"column":null}},"13":{"start":{"line":66,"column":6},"end":{"line":66,"column":null}},"14":{"start":{"line":67,"column":6},"end":{"line":67,"column":null}},"15":{"start":{"line":70,"column":6},"end":{"line":70,"column":null}},"16":{"start":{"line":75,"column":4},"end":{"line":79,"column":null}},"17":{"start":{"line":83,"column":4},"end":{"line":231,"column":null}},"18":{"start":{"line":85,"column":6},"end":{"line":87,"column":null}},"19":{"start":{"line":86,"column":8},"end":{"line":86,"column":null}},"20":{"start":{"line":90,"column":6},"end":{"line":229,"column":null}},"21":{"start":{"line":197,"column":18},"end":{"line":197,"column":null}},"22":{"start":{"line":200,"column":18},"end":{"line":200,"column":null}},"23":{"start":{"line":206,"column":31},"end":{"line":206,"column":null}},"24":{"start":{"line":219,"column":18},"end":{"line":219,"column":null}},"25":{"start":{"line":222,"column":18},"end":{"line":222,"column":null}},"26":{"start":{"line":233,"column":4},"end":{"line":233,"column":null}}},"fnMap":{"0":{"name":"(anonymous_0)","decl":{"start":{"line":18,"column":2},"end":{"line":18,"column":14}},"loc":{"start":{"line":18,"column":41},"end":{"line":25,"column":null}},"line":18},"1":{"name":"(anonymous_1)","decl":{"start":{"line":27,"column":9},"end":{"line":27,"column":34}},"loc":{"start":{"line":27,"column":77},"end":{"line":33,"column":null}},"line":27},"2":{"name":"(anonymous_2)","decl":{"start":{"line":35,"column":2},"end":{"line":35,"column":20}},"loc":{"start":{"line":35,"column":56},"end":{"line":72,"column":null}},"line":35},"3":{"name":"(anonymous_3)","decl":{"start":{"line":74,"column":16},"end":{"line":74,"column":22}},"loc":{"start":{"line":74,"column":22},"end":{"line":80,"column":null}},"line":74},"4":{"name":"(anonymous_4)","decl":{"start":{"line":82,"column":2},"end":{"line":82,"column":11}},"loc":{"start":{"line":82,"column":11},"end":{"line":234,"column":null}},"line":82},"5":{"name":"(anonymous_5)","decl":{"start":{"line":196,"column":29},"end":{"line":196,"column":30}},"loc":{"start":{"line":196,"column":36},"end":{"line":198,"column":null}},"line":196},"6":{"name":"(anonymous_6)","decl":{"start":{"line":199,"column":28},"end":{"line":199,"column":29}},"loc":{"start":{"line":199,"column":35},"end":{"line":201,"column":null}},"line":199},"7":{"name":"(anonymous_7)","decl":{"start":{"line":206,"column":25},"end":{"line":206,"column":31}},"loc":{"start":{"line":206,"column":31},"end":{"line":206,"column":null}},"line":206},"8":{"name":"(anonymous_8)","decl":{"start":{"line":218,"column":29},"end":{"line":218,"column":30}},"loc":{"start":{"line":218,"column":36},"end":{"line":220,"column":null}},"line":218},"9":{"name":"(anonymous_9)","decl":{"start":{"line":221,"column":28},"end":{"line":221,"column":29}},"loc":{"start":{"line":221,"column":35},"end":{"line":223,"column":null}},"line":221}},"branchMap":{"0":{"loc":{"start":{"line":46,"column":4},"end":{"line":48,"column":null}},"type":"if","locations":[{"start":{"line":46,"column":4},"end":{"line":48,"column":null}},{"start":{},"end":{}}],"line":46},"1":{"loc":{"start":{"line":64,"column":19},"end":{"line":64,"column":null}},"type":"cond-expr","locations":[{"start":{"line":64,"column":34},"end":{"line":64,"column":61}},{"start":{"line":64,"column":61},"end":{"line":64,"column":null}}],"line":64},"2":{"loc":{"start":{"line":83,"column":4},"end":{"line":231,"column":null}},"type":"if","locations":[{"start":{"line":83,"column":4},"end":{"line":231,"column":null}},{"start":{},"end":{}}],"line":83},"3":{"loc":{"start":{"line":85,"column":6},"end":{"line":87,"column":null}},"type":"if","locations":[{"start":{"line":85,"column":6},"end":{"line":87,"column":null}},{"start":{},"end":{}}],"line":85},"4":{"loc":{"start":{"line":132,"column":13},"end":{"line":174,"column":null}},"type":"binary-expr","locations":[{"start":{"line":132,"column":13},"end":{"line":132,"column":null}},{"start":{"line":133,"column":14},"end":{"line":174,"column":null}}],"line":132},"5":{"loc":{"start":{"line":159,"column":19},"end":{"line":171,"column":null}},"type":"binary-expr","locations":[{"start":{"line":159,"column":19},"end":{"line":159,"column":null}},{"start":{"line":160,"column":20},"end":{"line":171,"column":null}}],"line":159}},"s":{"0":3,"1":16,"2":16,"3":18,"4":9,"5":9,"6":9,"7":1,"8":9,"9":9,"10":9,"11":9,"12":9,"13":9,"14":9,"15":0,"16":3,"17":47,"18":27,"19":3,"20":24,"21":0,"22":0,"23":0,"24":0,"25":0,"26":20},"f":{"0":16,"1":15,"2":9,"3":3,"4":47,"5":0,"6":0,"7":0,"8":0,"9":0},"b":{"0":[1,8],"1":[2,7],"2":[27,20],"3":[3,24],"4":[24,24],"5":[24,8]},"meta":{"lastBranch":6,"lastFunction":10,"lastStatement":27,"seen":{"s:74:16:80:Infinity":0,"f:18:2:18:14":0,"s:19:4:19:Infinity":1,"s:20:4:24:Infinity":2,"f:27:9:27:34":1,"s:29:4:32:Infinity":3,"f:35:2:35:20":2,"s:37:4:37:Infinity":4,"s:40:4:43:Infinity":5,"b:46:4:48:Infinity:undefined:undefined:undefined:undefined":0,"s:46:4:48:Infinity":6,"s:47:6:47:Infinity":7,"s:51:4:71:Infinity":8,"s:52:23:60:Infinity":9,"s:63:27:63:Infinity":10,"s:64:19:64:Infinity":11,"b:64:34:64:61:64:61:64:Infinity":1,"s:65:6:65:Infinity":12,"s:66:6:66:Infinity":13,"s:67:6:67:Infinity":14,"s:70:6:70:Infinity":15,"f:74:16:74:22":3,"s:75:4:79:Infinity":16,"f:82:2:82:11":4,"b:83:4:231:Infinity:undefined:undefined:undefined:undefined":2,"s:83:4:231:Infinity":17,"b:85:6:87:Infinity:undefined:undefined:undefined:undefined":3,"s:85:6:87:Infinity":18,"s:86:8:86:Infinity":19,"s:90:6:229:Infinity":20,"b:132:13:132:Infinity:133:14:174:Infinity":4,"b:159:19:159:Infinity:160:20:171:Infinity":5,"f:196:29:196:30":5,"s:197:18:197:Infinity":21,"f:199:28:199:29":6,"s:200:18:200:Infinity":22,"f:206:25:206:31":7,"s:206:31:206:Infinity":23,"f:218:29:218:30":8,"s:219:18:219:Infinity":24,"f:221:28:221:29":9,"s:222:18:222:Infinity":25,"s:233:4:233:Infinity":26}}}
,"/home/yw/Desktop/Multiverse/src/components/Toast.tsx": {"path":"/home/yw/Desktop/Multiverse/src/components/Toast.tsx","statementMap":{"0":{"start":{"line":9,"column":43},"end":{"line":74,"column":null}},"1":{"start":{"line":10,"column":8},"end":{"line":10,"column":null}},"2":{"start":{"line":13,"column":2},"end":{"line":15,"column":null}},"3":{"start":{"line":14,"column":4},"end":{"line":14,"column":null}},"4":{"start":{"line":17,"column":2},"end":{"line":22,"column":null}},"5":{"start":{"line":18,"column":18},"end":{"line":20,"column":null}},"6":{"start":{"line":19,"column":6},"end":{"line":19,"column":null}},"7":{"start":{"line":21,"column":4},"end":{"line":21,"column":null}},"8":{"start":{"line":21,"column":17},"end":{"line":21,"column":null}},"9":{"start":{"line":24,"column":17},"end":{"line":28,"column":null}},"10":{"start":{"line":30,"column":16},"end":{"line":34,"column":null}},"11":{"start":{"line":36,"column":2},"end":{"line":72,"column":null}}},"fnMap":{"0":{"name":"(anonymous_0)","decl":{"start":{"line":9,"column":43},"end":{"line":9,"column":44}},"loc":{"start":{"line":9,"column":75},"end":{"line":74,"column":null}},"line":9},"1":{"name":"(anonymous_1)","decl":{"start":{"line":13,"column":12},"end":{"line":13,"column":18}},"loc":{"start":{"line":13,"column":18},"end":{"line":15,"column":5}},"line":13},"2":{"name":"(anonymous_2)","decl":{"start":{"line":17,"column":12},"end":{"line":17,"column":18}},"loc":{"start":{"line":17,"column":18},"end":{"line":22,"column":5}},"line":17},"3":{"name":"(anonymous_3)","decl":{"start":{"line":18,"column":29},"end":{"line":18,"column":35}},"loc":{"start":{"line":18,"column":35},"end":{"line":20,"column":7}},"line":18},"4":{"name":"(anonymous_4)","decl":{"start":{"line":21,"column":11},"end":{"line":21,"column":17}},"loc":{"start":{"line":21,"column":17},"end":{"line":21,"column":null}},"line":21}},"branchMap":{},"s":{"0":1,"1":7,"2":7,"3":7,"4":7,"5":7,"6":1,"7":7,"8":7,"9":7,"10":7,"11":7},"f":{"0":7,"1":7,"2":7,"3":1,"4":7},"b":{},"meta":{"lastBranch":0,"lastFunction":5,"lastStatement":12,"seen":{"s:9:43:74:Infinity":0,"f:9:43:9:44":0,"s:10:8:10:Infinity":1,"s:13:2:15:Infinity":2,"f:13:12:13:18":1,"s:14:4:14:Infinity":3,"s:17:2:22:Infinity":4,"f:17:12:17:18":2,"s:18:18:20:Infinity":5,"f:18:29:18:35":3,"s:19:6:19:Infinity":6,"s:21:4:21:Infinity":7,"f:21:11:21:17":4,"s:21:17:21:Infinity":8,"s:24:17:28:Infinity":9,"s:30:16:34:Infinity":10,"s:36:2:72:Infinity":11}}}
,"/home/yw/Desktop/Multiverse/src/hooks/useConversation.ts": {"path":"/home/yw/Desktop/Multiverse/src/hooks/useConversation.ts","statementMap":{"0":{"start":{"line":5,"column":31},"end":{"line":150,"column":null}},"1":{"start":{"line":6,"column":27},"end":{"line":32,"column":null}},"2":{"start":{"line":7,"column":4},"end":{"line":30,"column":null}},"3":{"start":{"line":8,"column":20},"end":{"line":8,"column":null}},"4":{"start":{"line":9,"column":6},"end":{"line":27,"column":null}},"5":{"start":{"line":10,"column":29},"end":{"line":10,"column":null}},"6":{"start":{"line":11,"column":31},"end":{"line":11,"column":null}},"7":{"start":{"line":21,"column":8},"end":{"line":26,"column":null}},"8":{"start":{"line":21,"column":65},"end":{"line":26,"column":10}},"9":{"start":{"line":29,"column":6},"end":{"line":29,"column":null}},"10":{"start":{"line":31,"column":4},"end":{"line":31,"column":null}},"11":{"start":{"line":34,"column":30},"end":{"line":34,"column":null}},"12":{"start":{"line":37,"column":2},"end":{"line":47,"column":null}},"13":{"start":{"line":38,"column":4},"end":{"line":46,"column":null}},"14":{"start":{"line":39,"column":27},"end":{"line":42,"column":null}},"15":{"start":{"line":43,"column":6},"end":{"line":43,"column":null}},"16":{"start":{"line":45,"column":6},"end":{"line":45,"column":null}},"17":{"start":{"line":49,"column":28},"end":{"line":58,"column":null}},"18":{"start":{"line":50,"column":4},"end":{"line":50,"column":null}},"19":{"start":{"line":53,"column":4},"end":{"line":57,"column":null}},"20":{"start":{"line":54,"column":6},"end":{"line":54,"column":null}},"21":{"start":{"line":56,"column":6},"end":{"line":56,"column":null}},"22":{"start":{"line":60,"column":32},"end":{"line":70,"column":null}},"23":{"start":{"line":61,"column":4},"end":{"line":68,"column":null}},"24":{"start":{"line":62,"column":20},"end":{"line":62,"column":null}},"25":{"start":{"line":63,"column":6},"end":{"line":65,"column":null}},"26":{"start":{"line":64,"column":8},"end":{"line":64,"column":null}},"27":{"start":{"line":67,"column":6},"end":{"line":67,"column":null}},"28":{"start":{"line":69,"column":4},"end":{"line":69,"column":null}},"29":{"start":{"line":72,"column":33},"end":{"line":95,"column":null}},"30":{"start":{"line":73,"column":4},"end":{"line":73,"column":null}},"31":{"start":{"line":73,"column":31},"end":{"line":73,"column":null}},"32":{"start":{"line":75,"column":4},"end":{"line":94,"column":null}},"33":{"start":{"line":76,"column":28},"end":{"line":76,"column":null}},"34":{"start":{"line":77,"column":46},"end":{"line":85,"column":null}},"35":{"start":{"line":86,"column":6},"end":{"line":86,"column":null}},"36":{"start":{"line":88,"column":22},"end":{"line":88,"column":null}},"37":{"start":{"line":89,"column":6},"end":{"line":89,"column":null}},"38":{"start":{"line":90,"column":6},"end":{"line":90,"column":null}},"39":{"start":{"line":92,"column":6},"end":{"line":92,"column":null}},"40":{"start":{"line":93,"column":6},"end":{"line":93,"column":null}},"41":{"start":{"line":97,"column":35},"end":{"line":112,"column":null}},"42":{"start":{"line":98,"column":4},"end":{"line":110,"column":null}},"43":{"start":{"line":99,"column":28},"end":{"line":99,"column":null}},"44":{"start":{"line":100,"column":27},"end":{"line":100,"column":null}},"45":{"start":{"line":100,"column":51},"end":{"line":100,"column":74}},"46":{"start":{"line":101,"column":6},"end":{"line":107,"column":null}},"47":{"start":{"line":102,"column":8},"end":{"line":106,"column":null}},"48":{"start":{"line":109,"column":6},"end":{"line":109,"column":null}},"49":{"start":{"line":111,"column":4},"end":{"line":111,"column":null}},"50":{"start":{"line":114,"column":29},"end":{"line":122,"column":null}},"51":{"start":{"line":115,"column":4},"end":{"line":121,"column":null}},"52":{"start":{"line":116,"column":28},"end":{"line":116,"column":null}},"53":{"start":{"line":117,"column":23},"end":{"line":117,"column":null}},"54":{"start":{"line":117,"column":49},"end":{"line":117,"column":72}},"55":{"start":{"line":118,"column":6},"end":{"line":118,"column":null}},"56":{"start":{"line":120,"column":6},"end":{"line":120,"column":null}},"57":{"start":{"line":124,"column":29},"end":{"line":138,"column":null}},"58":{"start":{"line":125,"column":4},"end":{"line":137,"column":null}},"59":{"start":{"line":126,"column":28},"end":{"line":126,"column":null}},"60":{"start":{"line":127,"column":22},"end":{"line":131,"column":null}},"61":{"start":{"line":128,"column":8},"end":{"line":130,"column":null}},"62":{"start":{"line":132,"column":6},"end":{"line":132,"column":null}},"63":{"start":{"line":133,"column":6},"end":{"line":133,"column":null}},"64":{"start":{"line":135,"column":6},"end":{"line":135,"column":null}},"65":{"start":{"line":136,"column":6},"end":{"line":136,"column":null}},"66":{"start":{"line":140,"column":2},"end":{"line":149,"column":null}}},"fnMap":{"0":{"name":"(anonymous_0)","decl":{"start":{"line":5,"column":31},"end":{"line":5,"column":37}},"loc":{"start":{"line":5,"column":37},"end":{"line":150,"column":null}},"line":5},"1":{"name":"(anonymous_1)","decl":{"start":{"line":6,"column":27},"end":{"line":6,"column":44}},"loc":{"start":{"line":6,"column":44},"end":{"line":32,"column":null}},"line":6},"2":{"name":"(anonymous_2)","decl":{"start":{"line":21,"column":55},"end":{"line":21,"column":56}},"loc":{"start":{"line":21,"column":65},"end":{"line":26,"column":10}},"line":21},"3":{"name":"(anonymous_3)","decl":{"start":{"line":37,"column":12},"end":{"line":37,"column":18}},"loc":{"start":{"line":37,"column":18},"end":{"line":47,"column":5}},"line":37},"4":{"name":"(anonymous_4)","decl":{"start":{"line":49,"column":28},"end":{"line":49,"column":34}},"loc":{"start":{"line":49,"column":34},"end":{"line":58,"column":null}},"line":49},"5":{"name":"(anonymous_5)","decl":{"start":{"line":60,"column":32},"end":{"line":60,"column":59}},"loc":{"start":{"line":60,"column":59},"end":{"line":70,"column":null}},"line":60},"6":{"name":"(anonymous_6)","decl":{"start":{"line":72,"column":33},"end":{"line":72,"column":34}},"loc":{"start":{"line":72,"column":70},"end":{"line":95,"column":null}},"line":72},"7":{"name":"(anonymous_7)","decl":{"start":{"line":97,"column":35},"end":{"line":97,"column":36}},"loc":{"start":{"line":97,"column":128},"end":{"line":112,"column":null}},"line":97},"8":{"name":"(anonymous_8)","decl":{"start":{"line":100,"column":46},"end":{"line":100,"column":51}},"loc":{"start":{"line":100,"column":51},"end":{"line":100,"column":74}},"line":100},"9":{"name":"(anonymous_9)","decl":{"start":{"line":114,"column":29},"end":{"line":114,"column":30}},"loc":{"start":{"line":114,"column":57},"end":{"line":122,"column":null}},"line":114},"10":{"name":"(anonymous_10)","decl":{"start":{"line":117,"column":44},"end":{"line":117,"column":49}},"loc":{"start":{"line":117,"column":49},"end":{"line":117,"column":72}},"line":117},"11":{"name":"(anonymous_11)","decl":{"start":{"line":124,"column":29},"end":{"line":124,"column":30}},"loc":{"start":{"line":124,"column":75},"end":{"line":138,"column":null}},"line":124},"12":{"name":"(anonymous_12)","decl":{"start":{"line":127,"column":40},"end":{"line":127,"column":null}},"loc":{"start":{"line":128,"column":8},"end":{"line":130,"column":null}},"line":128}},"branchMap":{"0":{"loc":{"start":{"line":9,"column":6},"end":{"line":27,"column":null}},"type":"if","locations":[{"start":{"line":9,"column":6},"end":{"line":27,"column":null}},{"start":{},"end":{}}],"line":9},"1":{"loc":{"start":{"line":11,"column":31},"end":{"line":11,"column":null}},"type":"binary-expr","locations":[{"start":{"line":11,"column":31},"end":{"line":11,"column":56}},{"start":{"line":11,"column":56},"end":{"line":11,"column":null}}],"line":11},"2":{"loc":{"start":{"line":23,"column":14},"end":{"line":23,"column":null}},"type":"binary-expr","locations":[{"start":{"line":23,"column":14},"end":{"line":23,"column":24}},{"start":{"line":23,"column":24},"end":{"line":23,"column":null}}],"line":23},"3":{"loc":{"start":{"line":24,"column":18},"end":{"line":24,"column":null}},"type":"binary-expr","locations":[{"start":{"line":24,"column":18},"end":{"line":24,"column":32}},{"start":{"line":24,"column":32},"end":{"line":24,"column":null}}],"line":24},"4":{"loc":{"start":{"line":25,"column":21},"end":{"line":25,"column":null}},"type":"cond-expr","locations":[{"start":{"line":25,"column":37},"end":{"line":25,"column":63}},{"start":{"line":25,"column":63},"end":{"line":25,"column":null}}],"line":25},"5":{"loc":{"start":{"line":63,"column":6},"end":{"line":65,"column":null}},"type":"if","locations":[{"start":{"line":63,"column":6},"end":{"line":65,"column":null}},{"start":{},"end":{}}],"line":63},"6":{"loc":{"start":{"line":73,"column":4},"end":{"line":73,"column":null}},"type":"if","locations":[{"start":{"line":73,"column":4},"end":{"line":73,"column":null}},{"start":{},"end":{}}],"line":73},"7":{"loc":{"start":{"line":79,"column":15},"end":{"line":79,"column":null}},"type":"binary-expr","locations":[{"start":{"line":79,"column":15},"end":{"line":79,"column":56}},{"start":{"line":79,"column":56},"end":{"line":79,"column":null}}],"line":79},"8":{"loc":{"start":{"line":101,"column":6},"end":{"line":107,"column":null}},"type":"if","locations":[{"start":{"line":101,"column":6},"end":{"line":107,"column":null}},{"start":{},"end":{}}],"line":101},"9":{"loc":{"start":{"line":128,"column":8},"end":{"line":130,"column":null}},"type":"cond-expr","locations":[{"start":{"line":129,"column":12},"end":{"line":129,"column":null}},{"start":{"line":130,"column":12},"end":{"line":130,"column":null}}],"line":128}},"s":{"0":2,"1":20,"2":20,"3":20,"4":20,"5":10,"6":10,"7":10,"8":4,"9":0,"10":10,"11":20,"12":20,"13":20,"14":20,"15":20,"16":0,"17":20,"18":2,"19":2,"20":2,"21":0,"22":20,"23":16,"24":16,"25":16,"26":12,"27":0,"28":4,"29":20,"30":4,"31":0,"32":4,"33":4,"34":4,"35":4,"36":4,"37":4,"38":4,"39":0,"40":0,"41":20,"42":1,"43":1,"44":1,"45":1,"46":1,"47":1,"48":0,"49":0,"50":20,"51":1,"52":1,"53":1,"54":1,"55":1,"56":0,"57":20,"58":1,"59":1,"60":1,"61":1,"62":1,"63":1,"64":0,"65":0,"66":20},"f":{"0":20,"1":20,"2":4,"3":20,"4":2,"5":16,"6":4,"7":1,"8":1,"9":1,"10":1,"11":1,"12":1},"b":{"0":[10,10],"1":[10,0],"2":[4,0],"3":[4,4],"4":[4,0],"5":[12,4],"6":[0,4],"7":[4,0],"8":[1,0],"9":[1,0]},"meta":{"lastBranch":10,"lastFunction":13,"lastStatement":67,"seen":{"s:5:31:150:Infinity":0,"f:5:31:5:37":0,"s:6:27:32:Infinity":1,"f:6:27:6:44":1,"s:7:4:30:Infinity":2,"s:8:20:8:Infinity":3,"b:9:6:27:Infinity:undefined:undefined:undefined:undefined":0,"s:9:6:27:Infinity":4,"s:10:29:10:Infinity":5,"s:11:31:11:Infinity":6,"b:11:31:11:56:11:56:11:Infinity":1,"s:21:8:26:Infinity":7,"f:21:55:21:56":2,"s:21:65:26:10":8,"b:23:14:23:24:23:24:23:Infinity":2,"b:24:18:24:32:24:32:24:Infinity":3,"b:25:37:25:63:25:63:25:Infinity":4,"s:29:6:29:Infinity":9,"s:31:4:31:Infinity":10,"s:34:30:34:Infinity":11,"s:37:2:47:Infinity":12,"f:37:12:37:18":3,"s:38:4:46:Infinity":13,"s:39:27:42:Infinity":14,"s:43:6:43:Infinity":15,"s:45:6:45:Infinity":16,"s:49:28:58:Infinity":17,"f:49:28:49:34":4,"s:50:4:50:Infinity":18,"s:53:4:57:Infinity":19,"s:54:6:54:Infinity":20,"s:56:6:56:Infinity":21,"s:60:32:70:Infinity":22,"f:60:32:60:59":5,"s:61:4:68:Infinity":23,"s:62:20:62:Infinity":24,"b:63:6:65:Infinity:undefined:undefined:undefined:undefined":5,"s:63:6:65:Infinity":25,"s:64:8:64:Infinity":26,"s:67:6:67:Infinity":27,"s:69:4:69:Infinity":28,"s:72:33:95:Infinity":29,"f:72:33:72:34":6,"b:73:4:73:Infinity:undefined:undefined:undefined:undefined":6,"s:73:4:73:Infinity":30,"s:73:31:73:Infinity":31,"s:75:4:94:Infinity":32,"s:76:28:76:Infinity":33,"s:77:46:85:Infinity":34,"b:79:15:79:56:79:56:79:Infinity":7,"s:86:6:86:Infinity":35,"s:88:22:88:Infinity":36,"s:89:6:89:Infinity":37,"s:90:6:90:Infinity":38,"s:92:6:92:Infinity":39,"s:93:6:93:Infinity":40,"s:97:35:112:Infinity":41,"f:97:35:97:36":7,"s:98:4:110:Infinity":42,"s:99:28:99:Infinity":43,"s:100:27:100:Infinity":44,"f:100:46:100:51":8,"s:100:51:100:74":45,"b:101:6:107:Infinity:undefined:undefined:undefined:undefined":8,"s:101:6:107:Infinity":46,"s:102:8:106:Infinity":47,"s:109:6:109:Infinity":48,"s:111:4:111:Infinity":49,"s:114:29:122:Infinity":50,"f:114:29:114:30":9,"s:115:4:121:Infinity":51,"s:116:28:116:Infinity":52,"s:117:23:117:Infinity":53,"f:117:44:117:49":10,"s:117:49:117:72":54,"s:118:6:118:Infinity":55,"s:120:6:120:Infinity":56,"s:124:29:138:Infinity":57,"f:124:29:124:30":11,"s:125:4:137:Infinity":58,"s:126:28:126:Infinity":59,"s:127:22:131:Infinity":60,"f:127:40:127:Infinity":12,"s:128:8:130:Infinity":61,"b:129:12:129:Infinity:130:12:130:Infinity":9,"s:132:6:132:Infinity":62,"s:133:6:133:Infinity":63,"s:135:6:135:Infinity":64,"s:136:6:136:Infinity":65,"s:140:2:149:Infinity":66}}}
,"/home/yw/Desktop/Multiverse/src/hooks/useSettings.ts": {"path":"/home/yw/Desktop/Multiverse/src/hooks/useSettings.ts","statementMap":{"0":{"start":{"line":13,"column":34},"end":{"line":20,"column":null}},"1":{"start":{"line":22,"column":27},"end":{"line":63,"column":null}},"2":{"start":{"line":23,"column":23},"end":{"line":41,"column":null}},"3":{"start":{"line":24,"column":4},"end":{"line":39,"column":null}},"4":{"start":{"line":25,"column":20},"end":{"line":25,"column":null}},"5":{"start":{"line":26,"column":6},"end":{"line":36,"column":null}},"6":{"start":{"line":27,"column":25},"end":{"line":27,"column":null}},"7":{"start":{"line":28,"column":8},"end":{"line":35,"column":null}},"8":{"start":{"line":38,"column":6},"end":{"line":38,"column":null}},"9":{"start":{"line":40,"column":4},"end":{"line":40,"column":null}},"10":{"start":{"line":43,"column":30},"end":{"line":43,"column":null}},"11":{"start":{"line":46,"column":2},"end":{"line":52,"column":null}},"12":{"start":{"line":47,"column":4},"end":{"line":51,"column":null}},"13":{"start":{"line":48,"column":6},"end":{"line":48,"column":null}},"14":{"start":{"line":50,"column":6},"end":{"line":50,"column":null}},"15":{"start":{"line":54,"column":25},"end":{"line":56,"column":null}},"16":{"start":{"line":55,"column":4},"end":{"line":55,"column":null}},"17":{"start":{"line":55,"column":25},"end":{"line":55,"column":49}},"18":{"start":{"line":58,"column":2},"end":{"line":62,"column":null}}},"fnMap":{"0":{"name":"(anonymous_0)","decl":{"start":{"line":22,"column":27},"end":{"line":22,"column":33}},"loc":{"start":{"line":22,"column":33},"end":{"line":63,"column":null}},"line":22},"1":{"name":"(anonymous_1)","decl":{"start":{"line":23,"column":23},"end":{"line":23,"column":39}},"loc":{"start":{"line":23,"column":39},"end":{"line":41,"column":null}},"line":23},"2":{"name":"(anonymous_2)","decl":{"start":{"line":46,"column":12},"end":{"line":46,"column":18}},"loc":{"start":{"line":46,"column":18},"end":{"line":52,"column":5}},"line":46},"3":{"name":"(anonymous_3)","decl":{"start":{"line":54,"column":25},"end":{"line":54,"column":26}},"loc":{"start":{"line":54,"column":57},"end":{"line":56,"column":null}},"line":54},"4":{"name":"(anonymous_4)","decl":{"start":{"line":55,"column":16},"end":{"line":55,"column":25}},"loc":{"start":{"line":55,"column":25},"end":{"line":55,"column":49}},"line":55}},"branchMap":{"0":{"loc":{"start":{"line":26,"column":6},"end":{"line":36,"column":null}},"type":"if","locations":[{"start":{"line":26,"column":6},"end":{"line":36,"column":null}},{"start":{},"end":{}}],"line":26},"1":{"loc":{"start":{"line":29,"column":25},"end":{"line":29,"column":null}},"type":"binary-expr","locations":[{"start":{"line":29,"column":25},"end":{"line":29,"column":51}},{"start":{"line":29,"column":51},"end":{"line":29,"column":null}}],"line":29},"2":{"loc":{"start":{"line":30,"column":26},"end":{"line":30,"column":null}},"type":"binary-expr","locations":[{"start":{"line":30,"column":26},"end":{"line":30,"column":53}},{"start":{"line":30,"column":53},"end":{"line":30,"column":null}}],"line":30},"3":{"loc":{"start":{"line":31,"column":18},"end":{"line":31,"column":null}},"type":"binary-expr","locations":[{"start":{"line":31,"column":18},"end":{"line":31,"column":37}},{"start":{"line":31,"column":37},"end":{"line":31,"column":null}}],"line":31},"4":{"loc":{"start":{"line":32,"column":23},"end":{"line":32,"column":null}},"type":"binary-expr","locations":[{"start":{"line":32,"column":23},"end":{"line":32,"column":47}},{"start":{"line":32,"column":47},"end":{"line":32,"column":null}}],"line":32},"5":{"loc":{"start":{"line":33,"column":21},"end":{"line":33,"column":null}},"type":"binary-expr","locations":[{"start":{"line":33,"column":21},"end":{"line":33,"column":43}},{"start":{"line":33,"column":43},"end":{"line":33,"column":null}}],"line":33},"6":{"loc":{"start":{"line":34,"column":16},"end":{"line":34,"column":null}},"type":"binary-expr","locations":[{"start":{"line":34,"column":16},"end":{"line":34,"column":33}},{"start":{"line":34,"column":33},"end":{"line":34,"column":null}}],"line":34}},"s":{"0":2,"1":2,"2":15,"3":15,"4":15,"5":15,"6":8,"7":8,"8":1,"9":7,"10":15,"11":15,"12":15,"13":15,"14":0,"15":15,"16":6,"17":6,"18":15},"f":{"0":15,"1":15,"2":15,"3":6,"4":6},"b":{"0":[8,7],"1":[8,0],"2":[8,0],"3":[8,7],"4":[8,0],"5":[8,0],"6":[8,0]},"meta":{"lastBranch":7,"lastFunction":5,"lastStatement":19,"seen":{"s:13:34:20:Infinity":0,"s:22:27:63:Infinity":1,"f:22:27:22:33":0,"s:23:23:41:Infinity":2,"f:23:23:23:39":1,"s:24:4:39:Infinity":3,"s:25:20:25:Infinity":4,"b:26:6:36:Infinity:undefined:undefined:undefined:undefined":0,"s:26:6:36:Infinity":5,"s:27:25:27:Infinity":6,"s:28:8:35:Infinity":7,"b:29:25:29:51:29:51:29:Infinity":1,"b:30:26:30:53:30:53:30:Infinity":2,"b:31:18:31:37:31:37:31:Infinity":3,"b:32:23:32:47:32:47:32:Infinity":4,"b:33:21:33:43:33:43:33:Infinity":5,"b:34:16:34:33:34:33:34:Infinity":6,"s:38:6:38:Infinity":8,"s:40:4:40:Infinity":9,"s:43:30:43:Infinity":10,"s:46:2:52:Infinity":11,"f:46:12:46:18":2,"s:47:4:51:Infinity":12,"s:48:6:48:Infinity":13,"s:50:6:50:Infinity":14,"s:54:25:56:Infinity":15,"f:54:25:54:26":3,"s:55:4:55:Infinity":16,"f:55:16:55:25":4,"s:55:25:55:49":17,"s:58:2:62:Infinity":18}}}
,"/home/yw/Desktop/Multiverse/src/hooks/useTheme.ts": {"path":"/home/yw/Desktop/Multiverse/src/hooks/useTheme.ts","statementMap":{"0":{"start":{"line":4,"column":24},"end":{"line":41,"column":null}},"1":{"start":{"line":5,"column":20},"end":{"line":19,"column":null}},"2":{"start":{"line":6,"column":4},"end":{"line":17,"column":null}},"3":{"start":{"line":7,"column":20},"end":{"line":7,"column":null}},"4":{"start":{"line":8,"column":6},"end":{"line":10,"column":null}},"5":{"start":{"line":9,"column":8},"end":{"line":9,"column":null}},"6":{"start":{"line":12,"column":6},"end":{"line":14,"column":null}},"7":{"start":{"line":13,"column":8},"end":{"line":13,"column":null}},"8":{"start":{"line":16,"column":6},"end":{"line":16,"column":null}},"9":{"start":{"line":18,"column":4},"end":{"line":18,"column":null}},"10":{"start":{"line":21,"column":24},"end":{"line":21,"column":null}},"11":{"start":{"line":24,"column":2},"end":{"line":30,"column":null}},"12":{"start":{"line":25,"column":4},"end":{"line":29,"column":null}},"13":{"start":{"line":26,"column":6},"end":{"line":26,"column":null}},"14":{"start":{"line":28,"column":6},"end":{"line":28,"column":null}},"15":{"start":{"line":33,"column":2},"end":{"line":35,"column":null}},"16":{"start":{"line":34,"column":4},"end":{"line":34,"column":null}},"17":{"start":{"line":37,"column":2},"end":{"line":40,"column":null}}},"fnMap":{"0":{"name":"(anonymous_0)","decl":{"start":{"line":4,"column":24},"end":{"line":4,"column":30}},"loc":{"start":{"line":4,"column":30},"end":{"line":41,"column":null}},"line":4},"1":{"name":"(anonymous_1)","decl":{"start":{"line":5,"column":20},"end":{"line":5,"column":44}},"loc":{"start":{"line":5,"column":44},"end":{"line":19,"column":null}},"line":5},"2":{"name":"(anonymous_2)","decl":{"start":{"line":24,"column":12},"end":{"line":24,"column":18}},"loc":{"start":{"line":24,"column":18},"end":{"line":30,"column":5}},"line":24},"3":{"name":"(anonymous_3)","decl":{"start":{"line":33,"column":12},"end":{"line":33,"column":18}},"loc":{"start":{"line":33,"column":18},"end":{"line":35,"column":5}},"line":33}},"branchMap":{"0":{"loc":{"start":{"line":8,"column":6},"end":{"line":10,"column":null}},"type":"if","locations":[{"start":{"line":8,"column":6},"end":{"line":10,"column":null}},{"start":{},"end":{}}],"line":8},"1":{"loc":{"start":{"line":8,"column":10},"end":{"line":8,"column":49}},"type":"binary-expr","locations":[{"start":{"line":8,"column":10},"end":{"line":8,"column":31}},{"start":{"line":8,"column":31},"end":{"line":8,"column":49}}],"line":8},"2":{"loc":{"start":{"line":12,"column":6},"end":{"line":14,"column":null}},"type":"if","locations":[{"start":{"line":12,"column":6},"end":{"line":14,"column":null}},{"start":{},"end":{}}],"line":12},"3":{"loc":{"start":{"line":12,"column":10},"end":{"line":12,"column":91}},"type":"binary-expr","locations":[{"start":{"line":12,"column":10},"end":{"line":12,"column":31}},{"start":{"line":12,"column":31},"end":{"line":12,"column":91}}],"line":12}},"s":{"0":2,"1":13,"2":13,"3":13,"4":13,"5":7,"6":6,"7":1,"8":0,"9":5,"10":13,"11":13,"12":13,"13":13,"14":0,"15":13,"16":13,"17":13},"f":{"0":13,"1":13,"2":13,"3":13},"b":{"0":[7,6],"1":[13,10],"2":[1,5],"3":[6,6]},"meta":{"lastBranch":4,"lastFunction":4,"lastStatement":18,"seen":{"s:4:24:41:Infinity":0,"f:4:24:4:30":0,"s:5:20:19:Infinity":1,"f:5:20:5:44":1,"s:6:4:17:Infinity":2,"s:7:20:7:Infinity":3,"b:8:6:10:Infinity:undefined:undefined:undefined:undefined":0,"s:8:6:10:Infinity":4,"b:8:10:8:31:8:31:8:49":1,"s:9:8:9:Infinity":5,"b:12:6:14:Infinity:undefined:undefined:undefined:undefined":2,"s:12:6:14:Infinity":6,"b:12:10:12:31:12:31:12:91":3,"s:13:8:13:Infinity":7,"s:16:6:16:Infinity":8,"s:18:4:18:Infinity":9,"s:21:24:21:Infinity":10,"s:24:2:30:Infinity":11,"f:24:12:24:18":2,"s:25:4:29:Infinity":12,"s:26:6:26:Infinity":13,"s:28:6:28:Infinity":14,"s:33:2:35:Infinity":15,"f:33:12:33:18":3,"s:34:4:34:Infinity":16,"s:37:2:40:Infinity":17}}}
,"/home/yw/Desktop/Multiverse/src/hooks/useToast.ts": {"path":"/home/yw/Desktop/Multiverse/src/hooks/useToast.ts","statementMap":{"0":{"start":{"line":9,"column":24},"end":{"line":26,"column":null}},"1":{"start":{"line":10,"column":26},"end":{"line":10,"column":null}},"2":{"start":{"line":12,"column":20},"end":{"line":15,"column":null}},"3":{"start":{"line":13,"column":15},"end":{"line":13,"column":null}},"4":{"start":{"line":14,"column":4},"end":{"line":14,"column":null}},"5":{"start":{"line":14,"column":22},"end":{"line":14,"column":54}},"6":{"start":{"line":17,"column":22},"end":{"line":19,"column":null}},"7":{"start":{"line":18,"column":4},"end":{"line":18,"column":null}},"8":{"start":{"line":18,"column":22},"end":{"line":18,"column":51}},"9":{"start":{"line":18,"column":39},"end":{"line":18,"column":50}},"10":{"start":{"line":21,"column":2},"end":{"line":25,"column":null}}},"fnMap":{"0":{"name":"(anonymous_0)","decl":{"start":{"line":9,"column":24},"end":{"line":9,"column":30}},"loc":{"start":{"line":9,"column":30},"end":{"line":26,"column":null}},"line":9},"1":{"name":"(anonymous_1)","decl":{"start":{"line":12,"column":20},"end":{"line":12,"column":21}},"loc":{"start":{"line":12,"column":86},"end":{"line":15,"column":null}},"line":12},"2":{"name":"(anonymous_2)","decl":{"start":{"line":14,"column":14},"end":{"line":14,"column":22}},"loc":{"start":{"line":14,"column":22},"end":{"line":14,"column":54}},"line":14},"3":{"name":"(anonymous_3)","decl":{"start":{"line":17,"column":22},"end":{"line":17,"column":23}},"loc":{"start":{"line":17,"column":38},"end":{"line":19,"column":null}},"line":17},"4":{"name":"(anonymous_4)","decl":{"start":{"line":18,"column":14},"end":{"line":18,"column":22}},"loc":{"start":{"line":18,"column":22},"end":{"line":18,"column":51}},"line":18},"5":{"name":"(anonymous_5)","decl":{"start":{"line":18,"column":34},"end":{"line":18,"column":39}},"loc":{"start":{"line":18,"column":39},"end":{"line":18,"column":50}},"line":18}},"branchMap":{"0":{"loc":{"start":{"line":12,"column":38},"end":{"line":12,"column":86}},"type":"default-arg","locations":[{"start":{"line":12,"column":75},"end":{"line":12,"column":86}}],"line":12}},"s":{"0":1,"1":14,"2":14,"3":10,"4":10,"5":10,"6":14,"7":2,"8":2,"9":3,"10":14},"f":{"0":14,"1":10,"2":10,"3":2,"4":2,"5":3},"b":{"0":[10]},"meta":{"lastBranch":1,"lastFunction":6,"lastStatement":11,"seen":{"s:9:24:26:Infinity":0,"f:9:24:9:30":0,"s:10:26:10:Infinity":1,"s:12:20:15:Infinity":2,"f:12:20:12:21":1,"b:12:75:12:86":0,"s:13:15:13:Infinity":3,"s:14:4:14:Infinity":4,"f:14:14:14:22":2,"s:14:22:14:54":5,"s:17:22:19:Infinity":6,"f:17:22:17:23":3,"s:18:4:18:Infinity":7,"f:18:14:18:22":4,"s:18:22:18:51":8,"f:18:34:18:39":5,"s:18:39:18:50":9,"s:21:2:25:Infinity":10}}}
,"/home/yw/Desktop/Multiverse/src/types/errors.ts": {"path":"/home/yw/Desktop/Multiverse/src/types/errors.ts","statementMap":{"0":{"start":{"line":35,"column":2},"end":{"line":42,"column":null}},"1":{"start":{"line":36,"column":4},"end":{"line":41,"column":null}},"2":{"start":{"line":44,"column":2},"end":{"line":154,"column":null}},"3":{"start":{"line":45,"column":25},"end":{"line":45,"column":null}},"4":{"start":{"line":46,"column":22},"end":{"line":46,"column":null}},"5":{"start":{"line":49,"column":4},"end":{"line":56,"column":null}},"6":{"start":{"line":50,"column":6},"end":{"line":55,"column":null}},"7":{"start":{"line":59,"column":4},"end":{"line":66,"column":null}},"8":{"start":{"line":60,"column":6},"end":{"line":65,"column":null}},"9":{"start":{"line":69,"column":4},"end":{"line":77,"column":null}},"10":{"start":{"line":70,"column":6},"end":{"line":76,"column":null}},"11":{"start":{"line":79,"column":4},"end":{"line":87,"column":null}},"12":{"start":{"line":80,"column":6},"end":{"line":86,"column":null}},"13":{"start":{"line":89,"column":4},"end":{"line":97,"column":null}},"14":{"start":{"line":90,"column":6},"end":{"line":96,"column":null}},"15":{"start":{"line":99,"column":4},"end":{"line":112,"column":null}},"16":{"start":{"line":101,"column":30},"end":{"line":101,"column":null}},"17":{"start":{"line":102,"column":25},"end":{"line":102,"column":null}},"18":{"start":{"line":104,"column":6},"end":{"line":111,"column":null}},"19":{"start":{"line":114,"column":4},"end":{"line":124,"column":null}},"20":{"start":{"line":115,"column":25},"end":{"line":116,"column":null}},"21":{"start":{"line":117,"column":6},"end":{"line":123,"column":null}},"22":{"start":{"line":127,"column":4},"end":{"line":134,"column":null}},"23":{"start":{"line":128,"column":6},"end":{"line":133,"column":null}},"24":{"start":{"line":137,"column":4},"end":{"line":145,"column":null}},"25":{"start":{"line":138,"column":6},"end":{"line":144,"column":null}},"26":{"start":{"line":148,"column":4},"end":{"line":153,"column":null}},"27":{"start":{"line":157,"column":2},"end":{"line":162,"column":null}},"28":{"start":{"line":169,"column":2},"end":{"line":169,"column":null}},"29":{"start":{"line":169,"column":24},"end":{"line":169,"column":null}},"30":{"start":{"line":170,"column":2},"end":{"line":170,"column":null}},"31":{"start":{"line":170,"column":30},"end":{"line":170,"column":null}},"32":{"start":{"line":173,"column":2},"end":{"line":175,"column":null}},"33":{"start":{"line":174,"column":4},"end":{"line":174,"column":null}},"34":{"start":{"line":177,"column":2},"end":{"line":177,"column":null}},"35":{"start":{"line":185,"column":2},"end":{"line":187,"column":null}},"36":{"start":{"line":186,"column":4},"end":{"line":186,"column":null}},"37":{"start":{"line":190,"column":2},"end":{"line":190,"column":null}}},"fnMap":{"0":{"name":"createAppError","decl":{"start":{"line":30,"column":16},"end":{"line":30,"column":null}},"loc":{"start":{"line":33,"column":12},"end":{"line":163,"column":null}},"line":33},"1":{"name":"shouldRetry","decl":{"start":{"line":168,"column":16},"end":{"line":168,"column":28}},"loc":{"start":{"line":168,"column":96},"end":{"line":178,"column":null}},"line":168},"2":{"name":"getRetryDelay","decl":{"start":{"line":183,"column":16},"end":{"line":183,"column":30}},"loc":{"start":{"line":183,"column":72},"end":{"line":191,"column":null}},"line":183}},"branchMap":{"0":{"loc":{"start":{"line":35,"column":2},"end":{"line":42,"column":null}},"type":"if","locations":[{"start":{"line":35,"column":2},"end":{"line":42,"column":null}},{"start":{},"end":{}}],"line":35},"1":{"loc":{"start":{"line":35,"column":6},"end":{"line":35,"column":68}},"type":"binary-expr","locations":[{"start":{"line":35,"column":6},"end":{"line":35,"column":39}},{"start":{"line":35,"column":39},"end":{"line":35,"column":68}}],"line":35},"2":{"loc":{"start":{"line":44,"column":2},"end":{"line":154,"column":null}},"type":"if","locations":[{"start":{"line":44,"column":2},"end":{"line":154,"column":null}},{"start":{},"end":{}}],"line":44},"3":{"loc":{"start":{"line":49,"column":4},"end":{"line":56,"column":null}},"type":"if","locations":[{"start":{"line":49,"column":4},"end":{"line":56,"column":null}},{"start":{},"end":{}}],"line":49},"4":{"loc":{"start":{"line":49,"column":8},"end":{"line":49,"column":70}},"type":"binary-expr","locations":[{"start":{"line":49,"column":8},"end":{"line":49,"column":38}},{"start":{"line":49,"column":38},"end":{"line":49,"column":70}}],"line":49},"5":{"loc":{"start":{"line":52,"column":56},"end":{"line":52,"column":89}},"type":"binary-expr","locations":[{"start":{"line":52,"column":56},"end":{"line":52,"column":77}},{"start":{"line":52,"column":77},"end":{"line":52,"column":89}}],"line":52},"6":{"loc":{"start":{"line":59,"column":4},"end":{"line":66,"column":null}},"type":"if","locations":[{"start":{"line":59,"column":4},"end":{"line":66,"column":null}},{"start":{},"end":{}}],"line":59},"7":{"loc":{"start":{"line":59,"column":8},"end":{"line":59,"column":106}},"type":"binary-expr","locations":[{"start":{"line":59,"column":8},"end":{"line":59,"column":38}},{"start":{"line":59,"column":38},"end":{"line":59,"column":72}},{"start":{"line":59,"column":72},"end":{"line":59,"column":106}}],"line":59},"8":{"loc":{"start":{"line":69,"column":4},"end":{"line":77,"column":null}},"type":"if","locations":[{"start":{"line":69,"column":4},"end":{"line":77,"column":null}},{"start":{},"end":{}}],"line":69},"9":{"loc":{"start":{"line":69,"column":8},"end":{"line":69,"column":76}},"type":"binary-expr","locations":[{"start":{"line":69,"column":8},"end":{"line":69,"column":40}},{"start":{"line":69,"column":40},"end":{"line":69,"column":76}}],"line":69},"10":{"loc":{"start":{"line":79,"column":4},"end":{"line":87,"column":null}},"type":"if","locations":[{"start":{"line":79,"column":4},"end":{"line":87,"column":null}},{"start":{},"end":{}}],"line":79},"11":{"loc":{"start":{"line":79,"column":8},"end":{"line":79,"column":79}},"type":"binary-expr","locations":[{"start":{"line":79,"column":8},"end":{"line":79,"column":40}},{"start":{"line":79,"column":40},"end":{"line":79,"column":79}}],"line":79},"12":{"loc":{"start":{"line":89,"column":4},"end":{"line":97,"column":null}},"type":"if","locations":[{"start":{"line":89,"column":4},"end":{"line":97,"column":null}},{"start":{},"end":{}}],"line":89},"13":{"loc":{"start":{"line":89,"column":8},"end":{"line":89,"column":76}},"type":"binary-expr","locations":[{"start":{"line":89,"column":8},"end":{"line":89,"column":40}},{"start":{"line":89,"column":40},"end":{"line":89,"column":76}}],"line":89},"14":{"loc":{"start":{"line":99,"column":4},"end":{"line":112,"column":null}},"type":"if","locations":[{"start":{"line":99,"column":4},"end":{"line":112,"column":null}},{"start":{},"end":{}}],"line":99},"15":{"loc":{"start":{"line":99,"column":8},"end":{"line":99,"column":77}},"type":"binary-expr","locations":[{"start":{"line":99,"column":8},"end":{"line":99,"column":40}},{"start":{"line":99,"column":40},"end":{"line":99,"column":77}}],"line":99},"16":{"loc":{"start":{"line":102,"column":25},"end":{"line":102,"column":null}},"type":"cond-expr","locations":[{"start":{"line":102,"column":43},"end":{"line":102,"column":78}},{"start":{"line":102,"column":78},"end":{"line":102,"column":null}}],"line":102},"17":{"loc":{"start":{"line":114,"column":4},"end":{"line":124,"column":null}},"type":"if","locations":[{"start":{"line":114,"column":4},"end":{"line":124,"column":null}},{"start":{},"end":{}}],"line":114},"18":{"loc":{"start":{"line":114,"column":8},"end":{"line":114,"column":102}},"type":"binary-expr","locations":[{"start":{"line":114,"column":8},"end":{"line":114,"column":40}},{"start":{"line":114,"column":40},"end":{"line":114,"column":72}},{"start":{"line":114,"column":72},"end":{"line":114,"column":102}}],"line":114},"19":{"loc":{"start":{"line":115,"column":25},"end":{"line":116,"column":null}},"type":"cond-expr","locations":[{"start":{"line":115,"column":56},"end":{"line":115,"column":null}},{"start":{"line":116,"column":24},"end":{"line":116,"column":null}}],"line":115},"20":{"loc":{"start":{"line":116,"column":24},"end":{"line":116,"column":null}},"type":"cond-expr","locations":[{"start":{"line":116,"column":55},"end":{"line":116,"column":61}},{"start":{"line":116,"column":61},"end":{"line":116,"column":null}}],"line":116},"21":{"loc":{"start":{"line":127,"column":4},"end":{"line":134,"column":null}},"type":"if","locations":[{"start":{"line":127,"column":4},"end":{"line":134,"column":null}},{"start":{},"end":{}}],"line":127},"22":{"loc":{"start":{"line":127,"column":8},"end":{"line":127,"column":80}},"type":"binary-expr","locations":[{"start":{"line":127,"column":8},"end":{"line":127,"column":41}},{"start":{"line":127,"column":41},"end":{"line":127,"column":80}}],"line":127},"23":{"loc":{"start":{"line":137,"column":4},"end":{"line":145,"column":null}},"type":"if","locations":[{"start":{"line":137,"column":4},"end":{"line":145,"column":null}},{"start":{},"end":{}}],"line":137},"24":{"loc":{"start":{"line":137,"column":8},"end":{"line":137,"column":81}},"type":"binary-expr","locations":[{"start":{"line":137,"column":8},"end":{"line":137,"column":47}},{"start":{"line":137,"column":47},"end":{"line":137,"column":81}}],"line":137},"25":{"loc":{"start":{"line":140,"column":17},"end":{"line":140,"column":null}},"type":"binary-expr","locations":[{"start":{"line":140,"column":17},"end":{"line":140,"column":34}},{"start":{"line":140,"column":34},"end":{"line":140,"column":null}}],"line":140},"26":{"loc":{"start":{"line":150,"column":15},"end":{"line":150,"column":null}},"type":"binary-expr","locations":[{"start":{"line":150,"column":15},"end":{"line":150,"column":32}},{"start":{"line":150,"column":32},"end":{"line":150,"column":null}}],"line":150},"27":{"loc":{"start":{"line":168,"column":62},"end":{"line":168,"column":96}},"type":"default-arg","locations":[{"start":{"line":168,"column":84},"end":{"line":168,"column":96}}],"line":168},"28":{"loc":{"start":{"line":169,"column":2},"end":{"line":169,"column":null}},"type":"if","locations":[{"start":{"line":169,"column":2},"end":{"line":169,"column":null}},{"start":{},"end":{}}],"line":169},"29":{"loc":{"start":{"line":170,"column":2},"end":{"line":170,"column":null}},"type":"if","locations":[{"start":{"line":170,"column":2},"end":{"line":170,"column":null}},{"start":{},"end":{}}],"line":170},"30":{"loc":{"start":{"line":173,"column":2},"end":{"line":175,"column":null}},"type":"if","locations":[{"start":{"line":173,"column":2},"end":{"line":175,"column":null}},{"start":{},"end":{}}],"line":173},"31":{"loc":{"start":{"line":173,"column":6},"end":{"line":173,"column":55}},"type":"binary-expr","locations":[{"start":{"line":173,"column":6},"end":{"line":173,"column":37}},{"start":{"line":173,"column":37},"end":{"line":173,"column":55}}],"line":173},"32":{"loc":{"start":{"line":185,"column":2},"end":{"line":187,"column":null}},"type":"if","locations":[{"start":{"line":185,"column":2},"end":{"line":187,"column":null}},{"start":{},"end":{}}],"line":185},"33":{"loc":{"start":{"line":185,"column":6},"end":{"line":185,"column":55}},"type":"binary-expr","locations":[{"start":{"line":185,"column":6},"end":{"line":185,"column":37}},{"start":{"line":185,"column":37},"end":{"line":185,"column":55}}],"line":185}},"s":{"0":27,"1":2,"2":25,"3":20,"4":20,"5":20,"6":3,"7":17,"8":1,"9":16,"10":2,"11":14,"12":1,"13":13,"14":1,"15":12,"16":2,"17":2,"18":2,"19":10,"20":3,"21":3,"22":7,"23":2,"24":5,"25":1,"26":4,"27":5,"28":8,"29":1,"30":7,"31":2,"32":5,"33":2,"34":3,"35":7,"36":2,"37":5},"f":{"0":27,"1":8,"2":7},"b":{"0":[2,25],"1":[27,2],"2":[20,5],"3":[3,17],"4":[20,3],"5":[3,2],"6":[1,16],"7":[17,17,17],"8":[2,14],"9":[16,14],"10":[1,13],"11":[14,13],"12":[1,12],"13":[13,12],"14":[2,10],"15":[12,10],"16":[1,1],"17":[3,7],"18":[10,9,8],"19":[1,2],"20":[1,1],"21":[2,5],"22":[7,5],"23":[1,4],"24":[5,4],"25":[1,0],"26":[4,0],"27":[8],"28":[1,7],"29":[2,5],"30":[2,3],"31":[5,2],"32":[2,5],"33":[7,2]},"meta":{"lastBranch":34,"lastFunction":3,"lastStatement":38,"seen":{"f:30:16:30:Infinity":0,"b:35:2:42:Infinity:undefined:undefined:undefined:undefined":0,"s:35:2:42:Infinity":0,"b:35:6:35:39:35:39:35:68":1,"s:36:4:41:Infinity":1,"b:44:2:154:Infinity:undefined:undefined:undefined:undefined":2,"s:44:2:154:Infinity":2,"s:45:25:45:Infinity":3,"s:46:22:46:Infinity":4,"b:49:4:56:Infinity:undefined:undefined:undefined:undefined":3,"s:49:4:56:Infinity":5,"b:49:8:49:38:49:38:49:70":4,"s:50:6:55:Infinity":6,"b:52:56:52:77:52:77:52:89":5,"b:59:4:66:Infinity:undefined:undefined:undefined:undefined":6,"s:59:4:66:Infinity":7,"b:59:8:59:38:59:38:59:72:59:72:59:106":7,"s:60:6:65:Infinity":8,"b:69:4:77:Infinity:undefined:undefined:undefined:undefined":8,"s:69:4:77:Infinity":9,"b:69:8:69:40:69:40:69:76":9,"s:70:6:76:Infinity":10,"b:79:4:87:Infinity:undefined:undefined:undefined:undefined":10,"s:79:4:87:Infinity":11,"b:79:8:79:40:79:40:79:79":11,"s:80:6:86:Infinity":12,"b:89:4:97:Infinity:undefined:undefined:undefined:undefined":12,"s:89:4:97:Infinity":13,"b:89:8:89:40:89:40:89:76":13,"s:90:6:96:Infinity":14,"b:99:4:112:Infinity:undefined:undefined:undefined:undefined":14,"s:99:4:112:Infinity":15,"b:99:8:99:40:99:40:99:77":15,"s:101:30:101:Infinity":16,"s:102:25:102:Infinity":17,"b:102:43:102:78:102:78:102:Infinity":16,"s:104:6:111:Infinity":18,"b:114:4:124:Infinity:undefined:undefined:undefined:undefined":17,"s:114:4:124:Infinity":19,"b:114:8:114:40:114:40:114:72:114:72:114:102":18,"s:115:25:116:Infinity":20,"b:115:56:115:Infinity:116:24:116:Infinity":19,"b:116:55:116:61:116:61:116:Infinity":20,"s:117:6:123:Infinity":21,"b:127:4:134:Infinity:undefined:undefined:undefined:undefined":21,"s:127:4:134:Infinity":22,"b:127:8:127:41:127:41:127:80":22,"s:128:6:133:Infinity":23,"b:137:4:145:Infinity:undefined:undefined:undefined:undefined":23,"s:137:4:145:Infinity":24,"b:137:8:137:47:137:47:137:81":24,"s:138:6:144:Infinity":25,"b:140:17:140:34:140:34:140:Infinity":25,"s:148:4:153:Infinity":26,"b:150:15:150:32:150:32:150:Infinity":26,"s:157:2:162:Infinity":27,"f:168:16:168:28":1,"b:168:84:168:96":27,"b:169:2:169:Infinity:undefined:undefined:undefined:undefined":28,"s:169:2:169:Infinity":28,"s:169:24:169:Infinity":29,"b:170:2:170:Infinity:undefined:undefined:undefined:undefined":29,"s:170:2:170:Infinity":30,"s:170:30:170:Infinity":31,"b:173:2:175:Infinity:undefined:undefined:undefined:undefined":30,"s:173:2:175:Infinity":32,"b:173:6:173:37:173:37:173:55":31,"s:174:4:174:Infinity":33,"s:177:2:177:Infinity":34,"f:183:16:183:30":2,"b:185:2:187:Infinity:undefined:undefined:undefined:undefined":32,"s:185:2:187:Infinity":35,"b:185:6:185:37:185:37:185:55":33,"s:186:4:186:Infinity":36,"s:190:2:190:Infinity":37}}}
,"/home/yw/Desktop/Multiverse/src/utils/analytics.ts": {"path":"/home/yw/Desktop/Multiverse/src/utils/analytics.ts","statementMap":{"0":{"start":{"line":10,"column":30},"end":{"line":15,"column":null}},"1":{"start":{"line":12,"column":23},"end":{"line":12,"column":null}},"2":{"start":{"line":13,"column":23},"end":{"line":13,"column":null}},"3":{"start":{"line":13,"column":53},"end":{"line":13,"column":65}},"4":{"start":{"line":14,"column":2},"end":{"line":14,"column":null}},"5":{"start":{"line":20,"column":34},"end":{"line":25,"column":null}},"6":{"start":{"line":21,"column":2},"end":{"line":24,"column":null}},"7":{"start":{"line":22,"column":18},"end":{"line":22,"column":null}},"8":{"start":{"line":22,"column":55},"end":{"line":22,"column":67}},"9":{"start":{"line":23,"column":4},"end":{"line":23,"column":null}},"10":{"start":{"line":30,"column":35},"end":{"line":48,"column":null}},"11":{"start":{"line":31,"column":20},"end":{"line":31,"column":null}},"12":{"start":{"line":32,"column":21},"end":{"line":32,"column":null}},"13":{"start":{"line":34,"column":2},"end":{"line":41,"column":null}},"14":{"start":{"line":35,"column":19},"end":{"line":35,"column":null}},"15":{"start":{"line":36,"column":4},"end":{"line":40,"column":null}},"16":{"start":{"line":37,"column":6},"end":{"line":37,"column":null}},"17":{"start":{"line":39,"column":6},"end":{"line":39,"column":null}},"18":{"start":{"line":43,"column":2},"end":{"line":47,"column":null}},"19":{"start":{"line":53,"column":15},"end":{"line":58,"column":null}},"20":{"start":{"line":54,"column":2},"end":{"line":56,"column":null}},"21":{"start":{"line":55,"column":4},"end":{"line":55,"column":null}},"22":{"start":{"line":57,"column":2},"end":{"line":57,"column":null}},"23":{"start":{"line":64,"column":44},"end":{"line":92,"column":null}},"24":{"start":{"line":65,"column":2},"end":{"line":65,"column":null}},"25":{"start":{"line":65,"column":27},"end":{"line":65,"column":null}},"26":{"start":{"line":67,"column":18},"end":{"line":67,"column":null}},"27":{"start":{"line":68,"column":22},"end":{"line":68,"column":null}},"28":{"start":{"line":70,"column":2},"end":{"line":89,"column":null}},"29":{"start":{"line":70,"column":15},"end":{"line":70,"column":18}},"30":{"start":{"line":71,"column":20},"end":{"line":71,"column":null}},"31":{"start":{"line":72,"column":23},"end":{"line":72,"column":null}},"32":{"start":{"line":75,"column":4},"end":{"line":88,"column":null}},"33":{"start":{"line":76,"column":6},"end":{"line":87,"column":null}},"34":{"start":{"line":77,"column":25},"end":{"line":77,"column":null}},"35":{"start":{"line":78,"column":28},"end":{"line":78,"column":null}},"36":{"start":{"line":79,"column":25},"end":{"line":79,"column":null}},"37":{"start":{"line":80,"column":8},"end":{"line":83,"column":null}},"38":{"start":{"line":81,"column":10},"end":{"line":81,"column":null}},"39":{"start":{"line":82,"column":10},"end":{"line":82,"column":null}},"40":{"start":{"line":86,"column":8},"end":{"line":86,"column":null}},"41":{"start":{"line":91,"column":2},"end":{"line":91,"column":null}},"42":{"start":{"line":97,"column":33},"end":{"line":108,"column":null}},"43":{"start":{"line":98,"column":22},"end":{"line":98,"column":null}},"44":{"start":{"line":100,"column":2},"end":{"line":103,"column":null}},"45":{"start":{"line":101,"column":18},"end":{"line":101,"column":null}},"46":{"start":{"line":102,"column":4},"end":{"line":102,"column":null}},"47":{"start":{"line":105,"column":2},"end":{"line":107,"column":null}},"48":{"start":{"line":106,"column":30},"end":{"line":106,"column":47}},"49":{"start":{"line":107,"column":20},"end":{"line":107,"column":37}},"50":{"start":{"line":125,"column":41},"end":{"line":198,"column":null}},"51":{"start":{"line":126,"column":2},"end":{"line":138,"column":null}},"52":{"start":{"line":127,"column":4},"end":{"line":137,"column":null}},"53":{"start":{"line":140,"column":22},"end":{"line":140,"column":null}},"54":{"start":{"line":141,"column":19},"end":{"line":141,"column":null}},"55":{"start":{"line":142,"column":25},"end":{"line":142,"column":null}},"56":{"start":{"line":143,"column":26},"end":{"line":143,"column":null}},"57":{"start":{"line":144,"column":26},"end":{"line":144,"column":null}},"58":{"start":{"line":145,"column":22},"end":{"line":145,"column":null}},"59":{"start":{"line":146,"column":21},"end":{"line":146,"column":null}},"60":{"start":{"line":147,"column":19},"end":{"line":147,"column":null}},"61":{"start":{"line":149,"column":2},"end":{"line":179,"column":null}},"62":{"start":{"line":150,"column":4},"end":{"line":178,"column":null}},"63":{"start":{"line":152,"column":32},"end":{"line":155,"column":null}},"64":{"start":{"line":152,"column":58},"end":{"line":155,"column":8}},"65":{"start":{"line":157,"column":6},"end":{"line":157,"column":null}},"66":{"start":{"line":158,"column":24},"end":{"line":158,"column":null}},"67":{"start":{"line":159,"column":6},"end":{"line":159,"column":null}},"68":{"start":{"line":161,"column":25},"end":{"line":161,"column":null}},"69":{"start":{"line":162,"column":6},"end":{"line":162,"column":null}},"70":{"start":{"line":163,"column":6},"end":{"line":163,"column":null}},"71":{"start":{"line":165,"column":30},"end":{"line":165,"column":null}},"72":{"start":{"line":166,"column":6},"end":{"line":169,"column":null}},"73":{"start":{"line":167,"column":8},"end":{"line":167,"column":null}},"74":{"start":{"line":168,"column":8},"end":{"line":168,"column":null}},"75":{"start":{"line":172,"column":24},"end":{"line":172,"column":null}},"76":{"start":{"line":173,"column":6},"end":{"line":173,"column":null}},"77":{"start":{"line":173,"column":36},"end":{"line":173,"column":null}},"78":{"start":{"line":174,"column":6},"end":{"line":174,"column":null}},"79":{"start":{"line":174,"column":34},"end":{"line":174,"column":null}},"80":{"start":{"line":176,"column":6},"end":{"line":176,"column":null}},"81":{"start":{"line":181,"column":32},"end":{"line":181,"column":null}},"82":{"start":{"line":183,"column":2},"end":{"line":197,"column":null}},"83":{"start":{"line":213,"column":46},"end":{"line":250,"column":null}},"84":{"start":{"line":215,"column":28},"end":{"line":218,"column":null}},"85":{"start":{"line":215,"column":62},"end":{"line":218,"column":4}},"86":{"start":{"line":220,"column":20},"end":{"line":220,"column":null}},"87":{"start":{"line":221,"column":21},"end":{"line":221,"column":null}},"88":{"start":{"line":222,"column":30},"end":{"line":222,"column":null}},"89":{"start":{"line":224,"column":23},"end":{"line":224,"column":null}},"90":{"start":{"line":224,"column":53},"end":{"line":224,"column":70}},"91":{"start":{"line":225,"column":28},"end":{"line":225,"column":null}},"92":{"start":{"line":225,"column":58},"end":{"line":225,"column":80}},"93":{"start":{"line":227,"column":17},"end":{"line":227,"column":null}},"94":{"start":{"line":228,"column":2},"end":{"line":239,"column":null}},"95":{"start":{"line":229,"column":4},"end":{"line":238,"column":null}},"96":{"start":{"line":230,"column":23},"end":{"line":230,"column":null}},"97":{"start":{"line":231,"column":22},"end":{"line":231,"column":null}},"98":{"start":{"line":232,"column":24},"end":{"line":232,"column":null}},"99":{"start":{"line":233,"column":23},"end":{"line":233,"column":null}},"100":{"start":{"line":234,"column":6},"end":{"line":234,"column":null}},"101":{"start":{"line":236,"column":6},"end":{"line":236,"column":null}},"102":{"start":{"line":237,"column":6},"end":{"line":237,"column":null}},"103":{"start":{"line":241,"column":2},"end":{"line":249,"column":null}},"104":{"start":{"line":255,"column":30},"end":{"line":261,"column":null}},"105":{"start":{"line":256,"column":2},"end":{"line":256,"column":null}},"106":{"start":{"line":256,"column":17},"end":{"line":256,"column":null}},"107":{"start":{"line":257,"column":2},"end":{"line":257,"column":null}},"108":{"start":{"line":257,"column":18},"end":{"line":257,"column":null}},"109":{"start":{"line":258,"column":2},"end":{"line":258,"column":null}},"110":{"start":{"line":258,"column":20},"end":{"line":258,"column":null}},"111":{"start":{"line":259,"column":2},"end":{"line":259,"column":null}},"112":{"start":{"line":259,"column":21},"end":{"line":259,"column":null}},"113":{"start":{"line":260,"column":2},"end":{"line":260,"column":null}},"114":{"start":{"line":266,"column":28},"end":{"line":268,"column":null}},"115":{"start":{"line":267,"column":2},"end":{"line":267,"column":null}}},"fnMap":{"0":{"name":"(anonymous_0)","decl":{"start":{"line":10,"column":30},"end":{"line":10,"column":31}},"loc":{"start":{"line":10,"column":56},"end":{"line":15,"column":null}},"line":10},"1":{"name":"(anonymous_1)","decl":{"start":{"line":13,"column":48},"end":{"line":13,"column":53}},"loc":{"start":{"line":13,"column":53},"end":{"line":13,"column":65}},"line":13},"2":{"name":"(anonymous_2)","decl":{"start":{"line":20,"column":34},"end":{"line":20,"column":35}},"loc":{"start":{"line":20,"column":67},"end":{"line":25,"column":null}},"line":20},"3":{"name":"(anonymous_3)","decl":{"start":{"line":21,"column":25},"end":{"line":21,"column":26}},"loc":{"start":{"line":21,"column":41},"end":{"line":24,"column":5}},"line":21},"4":{"name":"(anonymous_4)","decl":{"start":{"line":22,"column":50},"end":{"line":22,"column":55}},"loc":{"start":{"line":22,"column":55},"end":{"line":22,"column":67}},"line":22},"5":{"name":"(anonymous_5)","decl":{"start":{"line":30,"column":35},"end":{"line":30,"column":36}},"loc":{"start":{"line":30,"column":110},"end":{"line":48,"column":null}},"line":30},"6":{"name":"(anonymous_6)","decl":{"start":{"line":34,"column":19},"end":{"line":34,"column":26}},"loc":{"start":{"line":34,"column":26},"end":{"line":41,"column":3}},"line":34},"7":{"name":"(anonymous_7)","decl":{"start":{"line":53,"column":15},"end":{"line":53,"column":16}},"loc":{"start":{"line":53,"column":51},"end":{"line":58,"column":null}},"line":53},"8":{"name":"(anonymous_8)","decl":{"start":{"line":64,"column":44},"end":{"line":64,"column":45}},"loc":{"start":{"line":64,"column":77},"end":{"line":92,"column":null}},"line":64},"9":{"name":"(anonymous_9)","decl":{"start":{"line":97,"column":33},"end":{"line":97,"column":34}},"loc":{"start":{"line":97,"column":114},"end":{"line":108,"column":null}},"line":97},"10":{"name":"(anonymous_10)","decl":{"start":{"line":100,"column":24},"end":{"line":100,"column":32}},"loc":{"start":{"line":100,"column":32},"end":{"line":103,"column":3}},"line":100},"11":{"name":"(anonymous_11)","decl":{"start":{"line":106,"column":9},"end":{"line":106,"column":10}},"loc":{"start":{"line":106,"column":30},"end":{"line":106,"column":47}},"line":106},"12":{"name":"(anonymous_12)","decl":{"start":{"line":107,"column":10},"end":{"line":107,"column":11}},"loc":{"start":{"line":107,"column":20},"end":{"line":107,"column":37}},"line":107},"13":{"name":"(anonymous_13)","decl":{"start":{"line":125,"column":41},"end":{"line":125,"column":42}},"loc":{"start":{"line":125,"column":104},"end":{"line":198,"column":null}},"line":125},"14":{"name":"(anonymous_14)","decl":{"start":{"line":149,"column":24},"end":{"line":149,"column":32}},"loc":{"start":{"line":149,"column":32},"end":{"line":179,"column":3}},"line":149},"15":{"name":"(anonymous_15)","decl":{"start":{"line":152,"column":50},"end":{"line":152,"column":58}},"loc":{"start":{"line":152,"column":58},"end":{"line":155,"column":8}},"line":152},"16":{"name":"(anonymous_16)","decl":{"start":{"line":213,"column":46},"end":{"line":213,"column":47}},"loc":{"start":{"line":213,"column":112},"end":{"line":250,"column":null}},"line":213},"17":{"name":"(anonymous_17)","decl":{"start":{"line":215,"column":54},"end":{"line":215,"column":62}},"loc":{"start":{"line":215,"column":62},"end":{"line":218,"column":4}},"line":215},"18":{"name":"(anonymous_18)","decl":{"start":{"line":224,"column":48},"end":{"line":224,"column":53}},"loc":{"start":{"line":224,"column":53},"end":{"line":224,"column":70}},"line":224},"19":{"name":"(anonymous_19)","decl":{"start":{"line":225,"column":53},"end":{"line":225,"column":58}},"loc":{"start":{"line":225,"column":58},"end":{"line":225,"column":80}},"line":225},"20":{"name":"(anonymous_20)","decl":{"start":{"line":255,"column":30},"end":{"line":255,"column":31}},"loc":{"start":{"line":255,"column":54},"end":{"line":261,"column":null}},"line":255},"21":{"name":"(anonymous_21)","decl":{"start":{"line":266,"column":28},"end":{"line":266,"column":29}},"loc":{"start":{"line":266,"column":53},"end":{"line":268,"column":null}},"line":266}},"branchMap":{"0":{"loc":{"start":{"line":36,"column":4},"end":{"line":40,"column":null}},"type":"if","locations":[{"start":{"line":36,"column":4},"end":{"line":40,"column":null}},{"start":{"line":38,"column":11},"end":{"line":40,"column":null}}],"line":36},"1":{"loc":{"start":{"line":54,"column":2},"end":{"line":56,"column":null}},"type":"if","locations":[{"start":{"line":54,"column":2},"end":{"line":56,"column":null}},{"start":{},"end":{}}],"line":54},"2":{"loc":{"start":{"line":65,"column":2},"end":{"line":65,"column":null}},"type":"if","locations":[{"start":{"line":65,"column":2},"end":{"line":65,"column":null}},{"start":{},"end":{}}],"line":65},"3":{"loc":{"start":{"line":75,"column":4},"end":{"line":88,"column":null}},"type":"if","locations":[{"start":{"line":75,"column":4},"end":{"line":88,"column":null}},{"start":{},"end":{}}],"line":75},"4":{"loc":{"start":{"line":75,"column":8},"end":{"line":75,"column":68}},"type":"binary-expr","locations":[{"start":{"line":75,"column":8},"end":{"line":75,"column":35}},{"start":{"line":75,"column":35},"end":{"line":75,"column":68}}],"line":75},"5":{"loc":{"start":{"line":80,"column":8},"end":{"line":83,"column":null}},"type":"if","locations":[{"start":{"line":80,"column":8},"end":{"line":83,"column":null}},{"start":{},"end":{}}],"line":80},"6":{"loc":{"start":{"line":80,"column":12},"end":{"line":80,"column":47}},"type":"binary-expr","locations":[{"start":{"line":80,"column":12},"end":{"line":80,"column":28}},{"start":{"line":80,"column":28},"end":{"line":80,"column":47}}],"line":80},"7":{"loc":{"start":{"line":91,"column":9},"end":{"line":91,"column":null}},"type":"cond-expr","locations":[{"start":{"line":91,"column":29},"end":{"line":91,"column":57}},{"start":{"line":91,"column":57},"end":{"line":91,"column":null}}],"line":91},"8":{"loc":{"start":{"line":101,"column":18},"end":{"line":101,"column":null}},"type":"binary-expr","locations":[{"start":{"line":101,"column":18},"end":{"line":101,"column":49}},{"start":{"line":101,"column":49},"end":{"line":101,"column":null}}],"line":101},"9":{"loc":{"start":{"line":126,"column":2},"end":{"line":138,"column":null}},"type":"if","locations":[{"start":{"line":126,"column":2},"end":{"line":138,"column":null}},{"start":{},"end":{}}],"line":126},"10":{"loc":{"start":{"line":154,"column":19},"end":{"line":154,"column":null}},"type":"cond-expr","locations":[{"start":{"line":154,"column":51},"end":{"line":154,"column":67}},{"start":{"line":154,"column":67},"end":{"line":154,"column":null}}],"line":154},"11":{"loc":{"start":{"line":166,"column":6},"end":{"line":169,"column":null}},"type":"if","locations":[{"start":{"line":166,"column":6},"end":{"line":169,"column":null}},{"start":{},"end":{}}],"line":166},"12":{"loc":{"start":{"line":173,"column":6},"end":{"line":173,"column":null}},"type":"if","locations":[{"start":{"line":173,"column":6},"end":{"line":173,"column":null}},{"start":{},"end":{}}],"line":173},"13":{"loc":{"start":{"line":174,"column":6},"end":{"line":174,"column":null}},"type":"if","locations":[{"start":{"line":174,"column":6},"end":{"line":174,"column":null}},{"start":{},"end":{}}],"line":174},"14":{"loc":{"start":{"line":194,"column":25},"end":{"line":194,"column":null}},"type":"cond-expr","locations":[{"start":{"line":194,"column":45},"end":{"line":194,"column":81}},{"start":{"line":194,"column":81},"end":{"line":194,"column":null}}],"line":194},"15":{"loc":{"start":{"line":217,"column":15},"end":{"line":217,"column":null}},"type":"cond-expr","locations":[{"start":{"line":217,"column":47},"end":{"line":217,"column":63}},{"start":{"line":217,"column":63},"end":{"line":217,"column":null}}],"line":217},"16":{"loc":{"start":{"line":228,"column":2},"end":{"line":239,"column":null}},"type":"if","locations":[{"start":{"line":228,"column":2},"end":{"line":239,"column":null}},{"start":{},"end":{}}],"line":228},"17":{"loc":{"start":{"line":256,"column":2},"end":{"line":256,"column":null}},"type":"if","locations":[{"start":{"line":256,"column":2},"end":{"line":256,"column":null}},{"start":{},"end":{}}],"line":256},"18":{"loc":{"start":{"line":257,"column":2},"end":{"line":257,"column":null}},"type":"if","locations":[{"start":{"line":257,"column":2},"end":{"line":257,"column":null}},{"start":{},"end":{}}],"line":257},"19":{"loc":{"start":{"line":258,"column":2},"end":{"line":258,"column":null}},"type":"if","locations":[{"start":{"line":258,"column":2},"end":{"line":258,"column":null}},{"start":{},"end":{}}],"line":258},"20":{"loc":{"start":{"line":259,"column":2},"end":{"line":259,"column":null}},"type":"if","locations":[{"start":{"line":259,"column":2},"end":{"line":259,"column":null}},{"start":{},"end":{}}],"line":259}},"s":{"0":1,"1":13,"2":13,"3":1015,"4":13,"5":1,"6":5,"7":7,"8":16,"9":7,"10":1,"11":5,"12":5,"13":5,"14":8,"15":8,"16":4,"17":4,"18":5,"19":1,"20":12,"21":12,"22":0,"23":1,"24":5,"25":1,"26":4,"27":4,"28":4,"29":4,"30":6,"31":6,"32":6,"33":5,"34":5,"35":5,"36":5,"37":5,"38":3,"39":3,"40":0,"41":4,"42":1,"43":3,"44":3,"45":4,"46":4,"47":3,"48":3,"49":1,"50":1,"51":2,"52":1,"53":1,"54":1,"55":1,"56":1,"57":1,"58":1,"59":1,"60":1,"61":1,"62":1,"63":1,"64":2,"65":1,"66":1,"67":1,"68":1,"69":1,"70":1,"71":1,"72":1,"73":0,"74":0,"75":1,"76":1,"77":0,"78":1,"79":1,"80":0,"81":1,"82":1,"83":1,"84":1,"85":2,"86":1,"87":1,"88":1,"89":1,"90":2,"91":1,"92":2,"93":1,"94":1,"95":1,"96":1,"97":1,"98":1,"99":1,"100":1,"101":0,"102":0,"103":1,"104":1,"105":6,"106":1,"107":5,"108":5,"109":3,"110":3,"111":1,"112":1,"113":0,"114":1,"115":5},"f":{"0":13,"1":1015,"2":5,"3":7,"4":16,"5":5,"6":8,"7":12,"8":5,"9":3,"10":4,"11":3,"12":1,"13":2,"14":1,"15":2,"16":1,"17":2,"18":2,"19":2,"20":6,"21":5},"b":{"0":[4,4],"1":[12,0],"2":[1,4],"3":[5,1],"4":[6,5],"5":[3,2],"6":[5,3],"7":[2,2],"8":[4,3],"9":[1,1],"10":[2,0],"11":[0,1],"12":[0,1],"13":[1,0],"14":[0,1],"15":[2,0],"16":[1,0],"17":[1,5],"18":[2,3],"19":[2,1],"20":[1,0]},"meta":{"lastBranch":21,"lastFunction":22,"lastStatement":116,"seen":{"s:10:30:15:Infinity":0,"f:10:30:10:31":0,"s:12:23:12:Infinity":1,"s:13:23:13:Infinity":2,"f:13:48:13:53":1,"s:13:53:13:65":3,"s:14:2:14:Infinity":4,"s:20:34:25:Infinity":5,"f:20:34:20:35":2,"s:21:2:24:Infinity":6,"f:21:25:21:26":3,"s:22:18:22:Infinity":7,"f:22:50:22:55":4,"s:22:55:22:67":8,"s:23:4:23:Infinity":9,"s:30:35:48:Infinity":10,"f:30:35:30:36":5,"s:31:20:31:Infinity":11,"s:32:21:32:Infinity":12,"s:34:2:41:Infinity":13,"f:34:19:34:26":6,"s:35:19:35:Infinity":14,"b:36:4:40:Infinity:38:11:40:Infinity":0,"s:36:4:40:Infinity":15,"s:37:6:37:Infinity":16,"s:39:6:39:Infinity":17,"s:43:2:47:Infinity":18,"s:53:15:58:Infinity":19,"f:53:15:53:16":7,"b:54:2:56:Infinity:undefined:undefined:undefined:undefined":1,"s:54:2:56:Infinity":20,"s:55:4:55:Infinity":21,"s:57:2:57:Infinity":22,"s:64:44:92:Infinity":23,"f:64:44:64:45":8,"b:65:2:65:Infinity:undefined:undefined:undefined:undefined":2,"s:65:2:65:Infinity":24,"s:65:27:65:Infinity":25,"s:67:18:67:Infinity":26,"s:68:22:68:Infinity":27,"s:70:2:89:Infinity":28,"s:70:15:70:18":29,"s:71:20:71:Infinity":30,"s:72:23:72:Infinity":31,"b:75:4:88:Infinity:undefined:undefined:undefined:undefined":3,"s:75:4:88:Infinity":32,"b:75:8:75:35:75:35:75:68":4,"s:76:6:87:Infinity":33,"s:77:25:77:Infinity":34,"s:78:28:78:Infinity":35,"s:79:25:79:Infinity":36,"b:80:8:83:Infinity:undefined:undefined:undefined:undefined":5,"s:80:8:83:Infinity":37,"b:80:12:80:28:80:28:80:47":6,"s:81:10:81:Infinity":38,"s:82:10:82:Infinity":39,"s:86:8:86:Infinity":40,"s:91:2:91:Infinity":41,"b:91:29:91:57:91:57:91:Infinity":7,"s:97:33:108:Infinity":42,"f:97:33:97:34":9,"s:98:22:98:Infinity":43,"s:100:2:103:Infinity":44,"f:100:24:100:32":10,"s:101:18:101:Infinity":45,"b:101:18:101:49:101:49:101:Infinity":8,"s:102:4:102:Infinity":46,"s:105:2:107:Infinity":47,"f:106:9:106:10":11,"s:106:30:106:47":48,"f:107:10:107:11":12,"s:107:20:107:37":49,"s:125:41:198:Infinity":50,"f:125:41:125:42":13,"b:126:2:138:Infinity:undefined:undefined:undefined:undefined":9,"s:126:2:138:Infinity":51,"s:127:4:137:Infinity":52,"s:140:22:140:Infinity":53,"s:141:19:141:Infinity":54,"s:142:25:142:Infinity":55,"s:143:26:143:Infinity":56,"s:144:26:144:Infinity":57,"s:145:22:145:Infinity":58,"s:146:21:146:Infinity":59,"s:147:19:147:Infinity":60,"s:149:2:179:Infinity":61,"f:149:24:149:32":14,"s:150:4:178:Infinity":62,"s:152:32:155:Infinity":63,"f:152:50:152:58":15,"s:152:58:155:8":64,"b:154:51:154:67:154:67:154:Infinity":10,"s:157:6:157:Infinity":65,"s:158:24:158:Infinity":66,"s:159:6:159:Infinity":67,"s:161:25:161:Infinity":68,"s:162:6:162:Infinity":69,"s:163:6:163:Infinity":70,"s:165:30:165:Infinity":71,"b:166:6:169:Infinity:undefined:undefined:undefined:undefined":11,"s:166:6:169:Infinity":72,"s:167:8:167:Infinity":73,"s:168:8:168:Infinity":74,"s:172:24:172:Infinity":75,"b:173:6:173:Infinity:undefined:undefined:undefined:undefined":12,"s:173:6:173:Infinity":76,"s:173:36:173:Infinity":77,"b:174:6:174:Infinity:undefined:undefined:undefined:undefined":13,"s:174:6:174:Infinity":78,"s:174:34:174:Infinity":79,"s:176:6:176:Infinity":80,"s:181:32:181:Infinity":81,"s:183:2:197:Infinity":82,"b:194:45:194:81:194:81:194:Infinity":14,"s:213:46:250:Infinity":83,"f:213:46:213:47":16,"s:215:28:218:Infinity":84,"f:215:54:215:62":17,"s:215:62:218:4":85,"b:217:47:217:63:217:63:217:Infinity":15,"s:220:20:220:Infinity":86,"s:221:21:221:Infinity":87,"s:222:30:222:Infinity":88,"s:224:23:224:Infinity":89,"f:224:48:224:53":18,"s:224:53:224:70":90,"s:225:28:225:Infinity":91,"f:225:53:225:58":19,"s:225:58:225:80":92,"s:227:17:227:Infinity":93,"b:228:2:239:Infinity:undefined:undefined:undefined:undefined":16,"s:228:2:239:Infinity":94,"s:229:4:238:Infinity":95,"s:230:23:230:Infinity":96,"s:231:22:231:Infinity":97,"s:232:24:232:Infinity":98,"s:233:23:233:Infinity":99,"s:234:6:234:Infinity":100,"s:236:6:236:Infinity":101,"s:237:6:237:Infinity":102,"s:241:2:249:Infinity":103,"s:255:30:261:Infinity":104,"f:255:30:255:31":20,"b:256:2:256:Infinity:undefined:undefined:undefined:undefined":17,"s:256:2:256:Infinity":105,"s:256:17:256:Infinity":106,"b:257:2:257:Infinity:undefined:undefined:undefined:undefined":18,"s:257:2:257:Infinity":107,"s:257:18:257:Infinity":108,"b:258:2:258:Infinity:undefined:undefined:undefined:undefined":19,"s:258:2:258:Infinity":109,"s:258:20:258:Infinity":110,"b:259:2:259:Infinity:undefined:undefined:undefined:undefined":20,"s:259:2:259:Infinity":111,"s:259:21:259:Infinity":112,"s:260:2:260:Infinity":113,"s:266:28:268:Infinity":114,"f:266:28:266:29":21,"s:267:2:267:Infinity":115}}}
,"/home/yw/Desktop/Multiverse/src/utils/debounce.ts": {"path":"/home/yw/Desktop/Multiverse/src/utils/debounce.ts","statementMap":{"0":{"start":{"line":9,"column":54},"end":{"line":9,"column":null}},"1":{"start":{"line":11,"column":2},"end":{"line":21,"column":null}},"2":{"start":{"line":12,"column":18},"end":{"line":15,"column":null}},"3":{"start":{"line":13,"column":6},"end":{"line":13,"column":null}},"4":{"start":{"line":14,"column":6},"end":{"line":14,"column":null}},"5":{"start":{"line":17,"column":4},"end":{"line":19,"column":null}},"6":{"start":{"line":18,"column":6},"end":{"line":18,"column":null}},"7":{"start":{"line":20,"column":4},"end":{"line":20,"column":null}},"8":{"start":{"line":31,"column":28},"end":{"line":31,"column":null}},"9":{"start":{"line":33,"column":2},"end":{"line":41,"column":null}},"10":{"start":{"line":34,"column":4},"end":{"line":40,"column":null}},"11":{"start":{"line":35,"column":6},"end":{"line":35,"column":null}},"12":{"start":{"line":36,"column":6},"end":{"line":36,"column":null}},"13":{"start":{"line":37,"column":6},"end":{"line":39,"column":null}},"14":{"start":{"line":38,"column":8},"end":{"line":38,"column":null}}},"fnMap":{"0":{"name":"debounce","decl":{"start":{"line":5,"column":16},"end":{"line":5,"column":null}},"loc":{"start":{"line":8,"column":36},"end":{"line":22,"column":null}},"line":8},"1":{"name":"executedFunction","decl":{"start":{"line":11,"column":18},"end":{"line":11,"column":38}},"loc":{"start":{"line":11,"column":59},"end":{"line":21,"column":null}},"line":11},"2":{"name":"(anonymous_2)","decl":{"start":{"line":12,"column":18},"end":{"line":12,"column":24}},"loc":{"start":{"line":12,"column":24},"end":{"line":15,"column":null}},"line":12},"3":{"name":"throttle","decl":{"start":{"line":27,"column":16},"end":{"line":27,"column":null}},"loc":{"start":{"line":30,"column":36},"end":{"line":42,"column":null}},"line":30},"4":{"name":"executedFunction","decl":{"start":{"line":33,"column":18},"end":{"line":33,"column":38}},"loc":{"start":{"line":33,"column":59},"end":{"line":41,"column":null}},"line":33},"5":{"name":"(anonymous_5)","decl":{"start":{"line":37,"column":17},"end":{"line":37,"column":23}},"loc":{"start":{"line":37,"column":23},"end":{"line":39,"column":9}},"line":37}},"branchMap":{"0":{"loc":{"start":{"line":17,"column":4},"end":{"line":19,"column":null}},"type":"if","locations":[{"start":{"line":17,"column":4},"end":{"line":19,"column":null}},{"start":{},"end":{}}],"line":17},"1":{"loc":{"start":{"line":34,"column":4},"end":{"line":40,"column":null}},"type":"if","locations":[{"start":{"line":34,"column":4},"end":{"line":40,"column":null}},{"start":{},"end":{}}],"line":34}},"s":{"0":4,"1":4,"2":8,"3":4,"4":4,"5":8,"6":4,"7":8,"8":2,"9":2,"10":5,"11":3,"12":3,"13":3,"14":1},"f":{"0":4,"1":8,"2":4,"3":2,"4":5,"5":1},"b":{"0":[4,4],"1":[3,2]},"meta":{"lastBranch":2,"lastFunction":6,"lastStatement":15,"seen":{"f:5:16:5:Infinity":0,"s:9:54:9:Infinity":0,"s:11:2:21:Infinity":1,"f:11:18:11:38":1,"s:12:18:15:Infinity":2,"f:12:18:12:24":2,"s:13:6:13:Infinity":3,"s:14:6:14:Infinity":4,"b:17:4:19:Infinity:undefined:undefined:undefined:undefined":0,"s:17:4:19:Infinity":5,"s:18:6:18:Infinity":6,"s:20:4:20:Infinity":7,"f:27:16:27:Infinity":3,"s:31:28:31:Infinity":8,"s:33:2:41:Infinity":9,"f:33:18:33:38":4,"b:34:4:40:Infinity:undefined:undefined:undefined:undefined":1,"s:34:4:40:Infinity":10,"s:35:6:35:Infinity":11,"s:36:6:36:Infinity":12,"s:37:6:39:Infinity":13,"f:37:17:37:23":5,"s:38:8:38:Infinity":14}}}
,"/home/yw/Desktop/Multiverse/src/utils/endpointProbe.ts": {"path":"/home/yw/Desktop/Multiverse/src/utils/endpointProbe.ts","statementMap":{"0":{"start":{"line":10,"column":22},"end":{"line":10,"column":null}},"1":{"start":{"line":11,"column":18},"end":{"line":11,"column":null}},"2":{"start":{"line":18,"column":20},"end":{"line":18,"column":null}},"3":{"start":{"line":28,"column":17},"end":{"line":28,"column":null}},"4":{"start":{"line":29,"column":2},"end":{"line":32,"column":null}},"5":{"start":{"line":30,"column":4},"end":{"line":30,"column":null}},"6":{"start":{"line":31,"column":4},"end":{"line":31,"column":null}},"7":{"start":{"line":34,"column":20},"end":{"line":34,"column":null}},"8":{"start":{"line":35,"column":37},"end":{"line":35,"column":null}},"9":{"start":{"line":39,"column":2},"end":{"line":134,"column":null}},"10":{"start":{"line":41,"column":4},"end":{"line":72,"column":null}},"11":{"start":{"line":42,"column":29},"end":{"line":49,"column":null}},"12":{"start":{"line":51,"column":6},"end":{"line":68,"column":null}},"13":{"start":{"line":52,"column":8},"end":{"line":52,"column":null}},"14":{"start":{"line":53,"column":29},"end":{"line":53,"column":null}},"15":{"start":{"line":56,"column":8},"end":{"line":56,"column":null}},"16":{"start":{"line":58,"column":39},"end":{"line":63,"column":null}},"17":{"start":{"line":66,"column":8},"end":{"line":66,"column":null}},"18":{"start":{"line":67,"column":8},"end":{"line":67,"column":null}},"19":{"start":{"line":71,"column":6},"end":{"line":71,"column":null}},"20":{"start":{"line":75,"column":25},"end":{"line":90,"column":null}},"21":{"start":{"line":92,"column":25},"end":{"line":92,"column":null}},"22":{"start":{"line":94,"column":4},"end":{"line":106,"column":null}},"23":{"start":{"line":95,"column":6},"end":{"line":95,"column":null}},"24":{"start":{"line":96,"column":6},"end":{"line":96,"column":null}},"25":{"start":{"line":97,"column":4},"end":{"line":106,"column":null}},"26":{"start":{"line":98,"column":6},"end":{"line":98,"column":null}},"27":{"start":{"line":99,"column":6},"end":{"line":99,"column":null}},"28":{"start":{"line":100,"column":4},"end":{"line":106,"column":null}},"29":{"start":{"line":101,"column":6},"end":{"line":101,"column":null}},"30":{"start":{"line":102,"column":6},"end":{"line":102,"column":null}},"31":{"start":{"line":104,"column":6},"end":{"line":104,"column":null}},"32":{"start":{"line":105,"column":6},"end":{"line":105,"column":null}},"33":{"start":{"line":108,"column":35},"end":{"line":114,"column":null}},"34":{"start":{"line":117,"column":4},"end":{"line":117,"column":null}},"35":{"start":{"line":118,"column":4},"end":{"line":118,"column":null}},"36":{"start":{"line":120,"column":10},"end":{"line":120,"column":null}},"37":{"start":{"line":121,"column":4},"end":{"line":121,"column":null}},"38":{"start":{"line":122,"column":4},"end":{"line":122,"column":null}},"39":{"start":{"line":124,"column":35},"end":{"line":129,"column":null}},"40":{"start":{"line":132,"column":4},"end":{"line":132,"column":null}},"41":{"start":{"line":133,"column":4},"end":{"line":133,"column":null}},"42":{"start":{"line":144,"column":45},"end":{"line":149,"column":null}},"43":{"start":{"line":151,"column":2},"end":{"line":269,"column":null}},"44":{"start":{"line":153,"column":4},"end":{"line":171,"column":null}},"45":{"start":{"line":154,"column":29},"end":{"line":161,"column":null}},"46":{"start":{"line":162,"column":6},"end":{"line":168,"column":null}},"47":{"start":{"line":163,"column":8},"end":{"line":163,"column":null}},"48":{"start":{"line":164,"column":21},"end":{"line":164,"column":null}},"49":{"start":{"line":165,"column":8},"end":{"line":167,"column":null}},"50":{"start":{"line":166,"column":10},"end":{"line":166,"column":null}},"51":{"start":{"line":174,"column":4},"end":{"line":201,"column":null}},"52":{"start":{"line":175,"column":29},"end":{"line":191,"column":null}},"53":{"start":{"line":193,"column":6},"end":{"line":198,"column":null}},"54":{"start":{"line":194,"column":28},"end":{"line":194,"column":null}},"55":{"start":{"line":195,"column":8},"end":{"line":197,"column":null}},"56":{"start":{"line":196,"column":10},"end":{"line":196,"column":null}},"57":{"start":{"line":204,"column":4},"end":{"line":230,"column":null}},"58":{"start":{"line":205,"column":29},"end":{"line":223,"column":null}},"59":{"start":{"line":225,"column":6},"end":{"line":227,"column":null}},"60":{"start":{"line":226,"column":8},"end":{"line":226,"column":null}},"61":{"start":{"line":233,"column":4},"end":{"line":266,"column":null}},"62":{"start":{"line":234,"column":28},"end":{"line":259,"column":null}},"63":{
[...]
:240,"column":null}},"type":"binary-expr","locations":[{"start":{"line":240,"column":16},"end":{"line":240,"column":26}},{"start":{"line":240,"column":26},"end":{"line":240,"column":null}}],"line":240},"22":{"loc":{"start":{"line":243,"column":19},"end":{"line":243,"column":null}},"type":"binary-expr","locations":[{"start":{"line":243,"column":19},"end":{"line":243,"column":41}},{"start":{"line":243,"column":41},"end":{"line":243,"column":null}}],"line":243},"23":{"loc":{"start":{"line":261,"column":6},"end":{"line":263,"column":null}},"type":"if","locations":[{"start":{"line":261,"column":6},"end":{"line":263,"column":null}},{"start":{},"end":{}}],"line":261},"24":{"loc":{"start":{"line":317,"column":2},"end":{"line":319,"column":null}},"type":"if","locations":[{"start":{"line":317,"column":2},"end":{"line":319,"column":null}},{"start":{},"end":{}}],"line":317},"25":{"loc":{"start":{"line":317,"column":6},"end":{"line":317,"column":59}},"type":"binary-expr","locations":[{"start":{"line":317,"column":6},"end":{"line":317,"column":16}},{"start":{"line":317,"column":16},"end":{"line":317,"column":59}}],"line":317}},"s":{"0":1,"1":1,"2":1,"3":4,"4":4,"5":0,"6":0,"7":4,"8":4,"9":4,"10":4,"11":4,"12":0,"13":0,"14":0,"15":0,"16":0,"17":0,"18":0,"19":4,"20":4,"21":2,"22":2,"23":0,"24":0,"25":2,"26":1,"27":1,"28":1,"29":1,"30":1,"31":0,"32":0,"33":2,"34":2,"35":2,"36":2,"37":2,"38":2,"39":2,"40":2,"41":2,"42":0,"43":0,"44":0,"45":0,"46":0,"47":0,"48":0,"49":0,"50":0,"51":0,"52":0,"53":0,"54":0,"55":0,"56":0,"57":0,"58":0,"59":0,"60":0,"61":0,"62":0,"63":0,"64":0,"65":0,"66":0,"67":8,"68":8,"69":8,"70":0,"71":8,"72":2,"73":2,"74":6,"75":6,"76":0,"77":8,"78":2,"79":2,"80":0,"81":2},"f":{"0":4,"1":0,"2":8,"3":8,"4":0,"5":2,"6":6,"7":0,"8":8,"9":2},"b":{"0":[0,4],"1":[4,0],"2":[1,3],"3":[0,0],"4":[4,1],"5":[0,2],"6":[1,1],"7":[2,1],"8":[1,0],"9":[0,0],"10":[0,0],"11":[0,0],"12":[0,0],"13":[0,0],"14":[0,0],"15":[0,0],"16":[0,0],"17":[0,0],"18":[0,0],"19":[0,0],"20":[0,0],"21":[0,0],"22":[0,0],"23":[0,0],"24":[0,2],"25":[2,0]},"meta":{"lastBranch":26,"lastFunction":10,"lastStatement":82,"seen":{"s:10:22:10:Infinity":0,"s:11:18:11:Infinity":1,"s:18:20:18:Infinity":2,"f:23:22:23:Infinity":0,"s:28:17:28:Infinity":3,"b:29:2:32:Infinity:undefined:undefined:undefined:undefined":0,"s:29:2:32:Infinity":4,"b:29:6:29:16:29:16:29:59":1,"s:30:4:30:Infinity":5,"s:31:4:31:Infinity":6,"s:34:20:34:Infinity":7,"s:35:37:35:Infinity":8,"s:39:2:134:Infinity":9,"s:41:4:72:Infinity":10,"s:42:29:49:Infinity":11,"b:46:28:46:68:46:68:46:Infinity":2,"b:51:6:68:Infinity:undefined:undefined:undefined:undefined":3,"s:51:6:68:Infinity":12,"s:52:8:52:Infinity":13,"s:53:29:53:Infinity":14,"s:56:8:56:Infinity":15,"s:58:39:63:Infinity":16,"s:66:8:66:Infinity":17,"s:67:8:67:Infinity":18,"s:71:6:71:Infinity":19,"s:75:25:90:Infinity":20,"b:81:14:81:24:81:24:81:Infinity":4,"s:92:25:92:Infinity":21,"b:94:4:106:Infinity:97:4:106:Infinity":5,"s:94:4:106:Infinity":22,"s:95:6:95:Infinity":23,"s:96:6:96:Infinity":24,"b:97:4:106:Infinity:100:4:106:Infinity":6,"s:97:4:106:Infinity":25,"b:97:15:97:46:97:46:97:75":7,"s:98:6:98:Infinity":26,"s:99:6:99:Infinity":27,"b:100:4:106:Infinity:103:11:106:Infinity":8,"s:100:4:106:Infinity":28,"s:101:6:101:Infinity":29,"s:102:6:102:Infinity":30,"s:104:6:104:Infinity":31,"s:105:6:105:Infinity":32,"s:108:35:114:Infinity":33,"s:117:4:117:Infinity":34,"s:118:4:118:Infinity":35,"s:120:10:120:Infinity":36,"s:121:4:121:Infinity":37,"s:122:4:122:Infinity":38,"s:124:35:129:Infinity":39,"s:132:4:132:Infinity":40,"s:133:4:133:Infinity":41,"f:140:15:140:Infinity":1,"s:144:45:149:Infinity":42,"s:151:2:269:Infinity":43,"s:153:4:171:Infinity":44,"s:154:29:161:Infinity":45,"b:158:28:158:68:158:68:158:Infinity":9,"b:162:6:168:Infinity:undefined:undefined:undefined:undefined":10,"s:162:6:168:Infinity":46,"s:163:8:163:Infinity":47,"s:164:21:164:Infinity":48,"b:165:8:167:Infinity:undefined:undefined:undefined:undefined":11,"s:165:8:167:Infinity":49,"b:165:12:165:25:165:25:165:47":12,"s:166:10:166:Infinity":50,"s:174:4:201:Infinity":51,"s:175:29:191:Infinity":52,"b:181:16:181:26:181:26:181:Infinity":13,"b:184:19:184:41:184:41:184:Infinity":14,"b:193:6:198:Infinity:undefined:undefined:undefined:undefined":15,"s:193:6:198:Infinity":53,"s:194:28:194:Infinity":54,"b:195:8:197:Infinity:undefined:undefined:undefined:undefined":16,"s:195:8:197:Infinity":55,"b:195:12:195:27:195:27:195:70":17,"s:196:10:196:Infinity":56,"s:204:4:230:Infinity":57,"s:205:29:223:Infinity":58,"b:211:16:211:26:211:26:211:Infinity":18,"b:214:19:214:41:214:41:214:Infinity":19,"b:225:6:227:Infinity:undefined:undefined:undefined:undefined":20,"s:225:6:227:Infinity":59,"s:226:8:226:Infinity":60,"s:233:4:266:Infinity":61,"s:234:28:259:Infinity":62,"b:240:16:240:26:240:26:240:Infinity":21,"b:243:19:243:41:243:41:243:Infinity":22,"b:261:6:263:Infinity:undefined:undefined:undefined:undefined":23,"s:261:6:263:Infinity":63,"s:262:8:262:Infinity":64,"s:268:4:268:Infinity":65,"s:271:2:271:Infinity":66,"f:277:9:277:Infinity":2,"s:282:2:295:Infinity":67,"f:282:21:282:22":3,"s:283:23:283:Infinity":68,"s:284:22:284:Infinity":69,"f:284:33:284:39":4,"s:284:39:284:59":70,"s:286:4:294:Infinity":71,"f:287:12:287:24":5,"s:288:8:288:Infinity":72,"s:289:8:289:Infinity":73,"f:291:13:291:22":6,"s:292:8:292:Infinity":74,"s:293:8:293:Infinity":75,"f:301:16:301:33":7,"s:302:2:302:Infinity":76,"f:308:16:308:44":8,"s:309:2:309:Infinity":77,"f:315:16:315:32":9,"s:316:17:316:Infinity":78,"b:317:2:319:Infinity:undefined:undefined:undefined:undefined":24,"s:317:2:319:Infinity":79,"b:317:6:317:16:317:16:317:59":25,"s:318:4:318:Infinity":80,"s:320:2:320:Infinity":81}}}
,"/home/yw/Desktop/Multiverse/src/utils/errorHandling.ts": {"path":"/home/yw/Desktop/Multiverse/src/utils/errorHandling.ts","statementMap":{"0":{"start":{"line":19,"column":39},"end":{"line":22,"column":null}},"1":{"start":{"line":20,"column":8},"end":{"line":20,"column":null}},"2":{"start":{"line":21,"column":2},"end":{"line":21,"column":null}},"3":{"start":{"line":24,"column":31},"end":{"line":112,"column":null}},"4":{"start":{"line":26,"column":2},"end":{"line":32,"column":null}},"5":{"start":{"line":27,"column":4},"end":{"line":31,"column":null}},"6":{"start":{"line":34,"column":2},"end":{"line":105,"column":null}},"7":{"start":{"line":35,"column":25},"end":{"line":35,"column":null}},"8":{"start":{"line":36,"column":22},"end":{"line":36,"column":null}},"9":{"start":{"line":39,"column":4},"end":{"line":45,"column":null}},"10":{"start":{"line":40,"column":6},"end":{"line":44,"column":null}},"11":{"start":{"line":47,"column":4},"end":{"line":53,"column":null}},"12":{"start":{"line":48,"column":6},"end":{"line":52,"column":null}},"13":{"start":{"line":56,"column":4},"end":{"line":63,"column":null}},"14":{"start":{"line":57,"column":6},"end":{"line":62,"column":null}},"15":{"start":{"line":64,"column":4},"end":{"line":71,"column":null}},"16":{"start":{"line":65,"column":6},"end":{"line":70,"column":null}},"17":{"start":{"line":72,"column":4},"end":{"line":79,"column":null}},"18":{"start":{"line":73,"column":6},"end":{"line":78,"column":null}},"19":{"start":{"line":80,"column":4},"end":{"line":88,"column":null}},"20":{"start":{"line":81,"column":25},"end":{"line":81,"column":null}},"21":{"start":{"line":82,"column":6},"end":{"line":87,"column":null}},"22":{"start":{"line":91,"column":4},"end":{"line":97,"column":null}},"23":{"start":{"line":92,"column":6},"end":{"line":96,"column":null}},"24":{"start":{"line":100,"column":4},"end":{"line":104,"column":null}},"25":{"start":{"line":107,"column":2},"end":{"line":111,"column":null}},"26":{"start":{"line":114,"column":32},"end":{"line":116,"column":null}},"27":{"start":{"line":115,"column":2},"end":{"line":115,"column":null}}},"fnMap":{"0":{"name":"(anonymous_0)","decl":{"start":{"line":19,"column":39},"end":{"line":19,"column":40}},"loc":{"start":{"line":19,"column":67},"end":{"line":22,"column":null}},"line":19},"1":{"name":"(anonymous_1)","decl":{"start":{"line":24,"column":31},"end":{"line":24,"column":32}},"loc":{"start":{"line":24,"column":65},"end":{"line":112,"column":null}},"line":24},"2":{"name":"(anonymous_2)","decl":{"start":{"line":114,"column":32},"end":{"line":114,"column":33}},"loc":{"start":{"line":114,"column":61},"end":{"line":116,"column":null}},"line":114}},"branchMap":{"0":{"loc":{"start":{"line":26,"column":2},"end":{"line":32,"column":null}},"type":"if","locations":[{"start":{"line":26,"column":2},"end":{"line":32,"column":null}},{"start":{},"end":{}}],"line":26},"1":{"loc":{"start":{"line":26,"column":6},"end":{"line":26,"column":68}},"type":"binary-expr","locations":[{"start":{"line":26,"column":6},"end":{"line":26,"column":39}},{"start":{"line":26,"column":39},"end":{"line":26,"column":68}}],"line":26},"2":{"loc":{"start":{"line":34,"column":2},"end":{"line":105,"column":null}},"type":"if","locations":[{"start":{"line":34,"column":2},"end":{"line":105,"column":null}},{"start":{},"end":{}}],"line":34},"3":{"loc":{"start":{"line":39,"column":4},"end":{"line":45,"column":null}},"type":"if","locations":[{"start":{"line":39,"column":4},"end":{"line":45,"column":null}},{"start":{},"end":{}}],"line":39},"4":{"loc":{"start":{"line":39,"column":8},"end":{"line":39,"column":70}},"type":"binary-expr","locations":[{"start":{"line":39,"column":8},"end":{"line":39,"column":38}},{"start":{"line":39,"column":38},"end":{"line":39,"column":70}}],"line":39},"5":{"loc":{"start":{"line":47,"column":4},"end":{"line":53,"column":null}},"type":"if","locations":[{"start":{"line":47,"column":4},"end":{"line":53,"column":null}},{"start":{},"end":{}}],"line":47},"6":{"loc":{"start":{"line":47,"column":8},"end":{"line":47,"column":106}},"type":"binary-expr","locations":[{"start":{"line":47,"column":8},"end":{"line":47,"column":38}},{"start":{"line":47,"column":38},"end":{"line":47,"column":72}},{"start":{"line":47,"column":72},"end":{"line":47,"column":106}}],"line":47},"7":{"loc":{"start":{"line":56,"column":4},"end":{"line":63,"column":null}},"type":"if","locations":[{"start":{"line":56,"column":4},"end":{"line":63,"column":null}},{"start":{},"end":{}}],"line":56},"8":{"loc":{"start":{"line":64,"column":4},"end":{"line":71,"column":null}},"type":"if","locations":[{"start":{"line":64,"column":4},"end":{"line":71,"column":null}},{"start":{},"end":{}}],"line":64},"9":{"loc":{"start":{"line":64,"column":8},"end":{"line":64,"column":70}},"type":"binary-expr","locations":[{"start":{"line":64,"column":8},"end":{"line":64,"column":40}},{"start":{"line":64,"column":40},"end":{"line":64,"column":70}}],"line":64},"10":{"loc":{"start":{"line":68,"column":20},"end":{"line":68,"column":null}},"type":"cond-expr","locations":[{"start":{"line":68,"column":51},"end":{"line":68,"column":57}},{"start":{"line":68,"column":57},"end":{"line":68,"column":null}}],"line":68},"11":{"loc":{"start":{"line":72,"column":4},"end":{"line":79,"column":null}},"type":"if","locations":[{"start":{"line":72,"column":4},"end":{"line":79,"column":null}},{"start":{},"end":{}}],"line":72},"12":{"loc":{"start":{"line":80,"column":4},"end":{"line":88,"column":null}},"type":"if","locations":[{"start":{"line":80,"column":4},"end":{"line":88,"column":null}},{"start":{},"end":{}}],"line":80},"13":{"loc":{"start":{"line":80,"column":8},"end":{"line":80,"column":102}},"type":"binary-expr","locations":[{"start":{"line":80,"column":8},"end":{"line":80,"column":40}},{"start":{"line":80,"column":40},"end":{"line":80,"column":72}},{"start":{"line":80,"column":72},"end":{"line":80,"column":102}}],"line":80},"14":{"loc":{"start":{"line":81,"column":25},"end":{"line":81,"column":null}},"type":"cond-expr","locations":[{"start":{"line":81,"column":56},"end":{"line":81,"column":62}},{"start":{"line":81,"column":62},"end":{"line":81,"column":null}}],"line":81},"15":{"loc":{"start":{"line":81,"column":62},"end":{"line":81,"column":null}},"type":"cond-expr","locations":[{"start":{"line":81,"column":93},"end":{"line":81,"column":99}},{"start":{"line":81,"column":99},"end":{"line":81,"column":null}}],"line":81},"16":{"loc":{"start":{"line":91,"column":4},"end":{"line":97,"column":null}},"type":"if","locations":[{"start":{"line":91,"column":4},"end":{"line":97,"column":null}},{"start":{},"end":{}}],"line":91}},"s":{"0":1,"1":10,"2":10,"3":1,"4":14,"5":2,"6":12,"7":12,"8":12,"9":12,"10":3,"11":9,"12":0,"13":9,"14":3,"15":6,"16":2,"17":4,"18":1,"19":3,"20":2,"21":2,"22":1,"23":1,"24":0,"25":0,"26":1,"27":4},"f":{"0":10,"1":14,"2":4},"b":{"0":[2,12],"1":[14,2],"2":[12,0],"3":[3,9],"4":[12,3],"5":[0,9],"6":[9,9,9],"7":[3,6],"8":[2,4],"9":[6,4],"10":[2,0],"11":[1,3],"12":[2,1],"13":[3,1,1],"14":[2,0],"15":[0,0],"16":[1,0]},"meta":{"lastBranch":17,"lastFunction":3,"lastStatement":28,"seen":{"s:19:39:22:Infinity":0,"f:19:39:19:40":0,"s:20:8:20:Infinity":1,"s:21:2:21:Infinity":2,"s:24:31:112:Infinity":3,"f:24:31:24:32":1,"b:26:2:32:Infinity:undefined:undefined:undefined:undefined":0,"s:26:2:32:Infinity":4,"b:26:6:26:39:26:39:26:68":1,"s:27:4:31:Infinity":5,"b:34:2:105:Infinity:undefined:undefined:undefined:undefined":2,"s:34:2:105:Infinity":6,"s:35:25:35:Infinity":7,"s:36:22:36:Infinity":8,"b:39:4:45:Infinity:undefined:undefined:undefined:undefined":3,"s:39:4:45:Infinity":9,"b:39:8:39:38:39:38:39:70":4,"s:40:6:44:Infinity":10,"b:47:4:53:Infinity:undefined:undefined:undefined:undefined":5,"s:47:4:53:Infinity":11,"b:47:8:47:38:47:38:47:72:47:72:47:106":6,"s:48:6:52:Infinity":12,"b:56:4:63:Infinity:undefined:undefined:undefined:undefined":7,"s:56:4:63:Infinity":13,"s:57:6:62:Infinity":14,"b:64:4:71:Infinity:undefined:undefined:undefined:undefined":8,"s:64:4:71:Infinity":15,"b:64:8:64:40:64:40:64:70":9,"s:65:6:70:Infinity":16,"b:68:51:68:57:68:57:68:Infinity":10,"b:72:4:79:Infinity:undefined:undefined:undefined:undefined":11,"s:72:4:79:Infinity":17,"s:73:6:78:Infinity":18,"b:80:4:88:Infinity:undefined:undefined:undefined:undefined":12,"s:80:4:88:Infinity":19,"b:80:8:80:40:80:40:80:72:80:72:80:102":13,"s:81:25:81:Infinity":20,"b:81:56:81:62:81:62:81:Infinity":14,"b:81:93:81:99:81:99:81:Infinity":15,"s:82:6:87:Infinity":21,"b:91:4:97:Infinity:undefined:undefined:undefined:undefined":16,"s:91:4:97:Infinity":22,"s:92:6:96:Infinity":23,"s:100:4:104:Infinity":24,"s:107:2:111:Infinity":25,"s:114:32:116:Infinity":26,"f:114:32:114:33":2,"s:115:2:115:Infinity":27}}}
,"/home/yw/Desktop/Multiverse/src/utils/logger.ts": {"path":"/home/yw/Desktop/Multiverse/src/utils/logger.ts","statementMap":{"0":{"start":{"line":6,"column":55},"end":{"line":6,"column":null}},"1":{"start":{"line":8,"column":22},"end":{"line":37,"column":null}},"2":{"start":{"line":10,"column":4},"end":{"line":12,"column":null}},"3":{"start":{"line":11,"column":6},"end":{"line":11,"column":null}},"4":{"start":{"line":16,"column":4},"end":{"line":18,"column":null}},"5":{"start":{"line":17,"column":6},"end":{"line":17,"column":null}},"6":{"start":{"line":22,"column":4},"end":{"line":24,"column":null}},"7":{"start":{"line":23,"column":6},"end":{"line":23,"column":null}},"8":{"start":{"line":29,"column":4},"end":{"line":29,"column":null}},"9":{"start":{"line":33,"column":4},"end":{"line":35,"column":null}},"10":{"start":{"line":34,"column":6},"end":{"line":34,"column":null}}},"fnMap":{"0":{"name":"(anonymous_0)","decl":{"start":{"line":9,"column":9},"end":{"line":9,"column":13}},"loc":{"start":{"line":9,"column":29},"end":{"line":13,"column":null}},"line":9},"1":{"name":"(anonymous_1)","decl":{"start":{"line":15,"column":7},"end":{"line":15,"column":11}},"loc":{"start":{"line":15,"column":27},"end":{"line":19,"column":null}},"line":15},"2":{"name":"(anonymous_2)","decl":{"start":{"line":21,"column":8},"end":{"line":21,"column":12}},"loc":{"start":{"line":21,"column":28},"end":{"line":25,"column":null}},"line":21},"3":{"name":"(anonymous_3)","decl":{"start":{"line":27,"column":9},"end":{"line":27,"column":13}},"loc":{"start":{"line":27,"column":29},"end":{"line":30,"column":null}},"line":27},"4":{"name":"(anonymous_4)","decl":{"start":{"line":32,"column":8},"end":{"line":32,"column":12}},"loc":{"start":{"line":32,"column":28},"end":{"line":36,"column":null}},"line":32}},"branchMap":{"0":{"loc":{"start":{"line":6,"column":55},"end":{"line":6,"column":null}},"type":"binary-expr","locations":[{"start":{"line":6,"column":55},"end":{"line":6,"column":72}},{"start":{"line":6,"column":55},"end":{"line":6,"column":null}}],"line":6},"1":{"loc":{"start":{"line":10,"column":4},"end":{"line":12,"column":null}},"type":"if","locations":[{"start":{"line":10,"column":4},"end":{"line":12,"column":null}},{"start":{},"end":{}}],"line":10},"2":{"loc":{"start":{"line":16,"column":4},"end":{"line":18,"column":null}},"type":"if","locations":[{"start":{"line":16,"column":4},"end":{"line":18,"column":null}},{"start":{},"end":{}}],"line":16},"3":{"loc":{"start":{"line":22,"column":4},"end":{"line":24,"column":null}},"type":"if","locations":[{"start":{"line":22,"column":4},"end":{"line":24,"column":null}},{"start":{},"end":{}}],"line":22},"4":{"loc":{"start":{"line":33,"column":4},"end":{"line":35,"column":null}},"type":"if","locations":[{"start":{"line":33,"column":4},"end":{"line":35,"column":null}},{"start":{},"end":{}}],"line":33}},"s":{"0":8,"1":8,"2":4,"3":4,"4":0,"5":0,"6":1,"7":1,"8":9,"9":0,"10":0},"f":{"0":4,"1":0,"2":1,"3":9,"4":0},"b":{"0":[8,8],"1":[4,0],"2":[0,0],"3":[1,0],"4":[0,0]},"meta":{"lastBranch":5,"lastFunction":5,"lastStatement":11,"seen":{"s:6:55:6:Infinity":0,"b:6:55:6:72:6:55:6:Infinity":0,"s:8:22:37:Infinity":1,"f:9:9:9:13":0,"b:10:4:12:Infinity:undefined:undefined:undefined:undefined":1,"s:10:4:12:Infinity":2,"s:11:6:11:Infinity":3,"f:15:7:15:11":1,"b:16:4:18:Infinity:undefined:undefined:undefined:undefined":2,"s:16:4:18:Infinity":4,"s:17:6:17:Infinity":5,"f:21:8:21:12":2,"b:22:4:24:Infinity:undefined:undefined:undefined:undefined":3,"s:22:4:24:Infinity":6,"s:23:6:23:Infinity":7,"f:27:9:27:13":3,"s:29:4:29:Infinity":8,"f:32:8:32:12":4,"b:33:4:35:Infinity:undefined:undefined:undefined:undefined":4,"s:33:4:35:Infinity":9,"s:34:6:34:Infinity":10}}}
,"/home/yw/Desktop/Multiverse/src/utils/markdown.ts": {"path":"/home/yw/Desktop/Multiverse/src/utils/markdown.ts","statementMap":{"0":{"start":{"line":1,"column":30},"end":{"line":35,"column":null}},"1":{"start":{"line":3,"column":13},"end":{"line":6,"column":null}},"2":{"start":{"line":9,"column":2},"end":{"line":15,"column":null}},"3":{"start":{"line":10,"column":24},"end":{"line":13,"column":null}},"4":{"start":{"line":14,"column":4},"end":{"line":14,"column":null}},"5":{"start":{"line":18,"column":2},"end":{"line":18,"column":null}},"6":{"start":{"line":21,"column":2},"end":{"line":21,"column":null}},"7":{"start":{"line":22,"column":2},"end":{"line":22,"column":null}},"8":{"start":{"line":25,"column":2},"end":{"line":25,"column":null}},"9":{"start":{"line":26,"column":2},"end":{"line":26,"column":null}},"10":{"start":{"line":29,"column":2},"end":{"line":29,"column":null}},"11":{"start":{"line":32,"column":2},"end":{"line":32,"column":null}},"12":{"start":{"line":34,"column":2},"end":{"line":34,"column":null}}},"fnMap":{"0":{"name":"(anonymous_0)","decl":{"start":{"line":1,"column":30},"end":{"line":1,"column":31}},"loc":{"start":{"line":1,"column":56},"end":{"line":35,"column":null}},"line":1},"1":{"name":"(anonymous_1)","decl":{"start":{"line":9,"column":43},"end":{"line":9,"column":44}},"loc":{"start":{"line":9,"column":61},"end":{"line":15,"column":3}},"line":9}},"branchMap":{},"s":{"0":1,"1":11,"2":11,"3":2,"4":2,"5":11,"6":11,"7":11,"8":11,"9":11,"10":11,"11":11,"12":11},"f":{"0":11,"1":2},"b":{},"meta":{"lastBranch":0,"lastFunction":2,"lastStatement":13,"seen":{"s:1:30:35:Infinity":0,"f:1:30:1:31":0,"s:3:13:6:Infinity":1,"s:9:2:15:Infinity":2,"f:9:43:9:44":1,"s:10:24:13:Infinity":3,"s:14:4:14:Infinity":4,"s:18:2:18:Infinity":5,"s:21:2:21:Infinity":6,"s:22:2:22:Infinity":7,"s:25:2:25:Infinity":8,"s:26:2:26:Infinity":9,"s:29:2:29:Infinity":10,"s:32:2:32:Infinity":11,"s:34:2:34:Infinity":12}}}
}
